#
# There is insufficient memory for the Java Runtime Environment to continue.
# Native memory allocation (malloc) failed to allocate 860336 bytes for Chunk::new
# Possible reasons:
#   The system is out of physical RAM or swap space
#   In 32 bit mode, the process size limit was hit
# Possible solutions:
#   Reduce memory load on the system
#   Increase physical memory or swap space
#   Check if swap backing store is full
#   Use 64 bit Java on a 64 bit OS
#   Decrease Java heap size (-Xmx/-Xms)
#   Decrease number of Java threads
#   Decrease Java thread stack sizes (-Xss)
#   Set larger code cache with -XX:ReservedCodeCacheSize=
# This output file may be truncated or incomplete.
#
#  Out of Memory Error (allocation.cpp:323), pid=4580, tid=6504
#
# JRE version: Java(TM) SE Runtime Environment (7.0_75-b13) (build 1.7.0_75-b13)
# Java VM: Java HotSpot(TM) 64-Bit Server VM (24.75-b04 mixed mode windows-amd64 compressed oops)
# Failed to write core dump. Minidumps are not enabled by default on client versions of Windows
#

---------------  T H R E A D  ---------------

Current thread (0x000000000873c000):  JavaThread "C2 CompilerThread0" daemon [_thread_in_native, id=6504, stack(0x0000000009ca0000,0x0000000009da0000)]

Stack: [0x0000000009ca0000,0x0000000009da0000]
[error occurred during error reporting (printing stack bounds), id 0xc0000005]


Current CompileTask:
C2:   3095  260             com.android.dx.ssa.SsaConverter::placePhiFunctions (394 bytes)


---------------  P R O C E S S  ---------------

Java Threads: ( => current thread )
  0x0000000008740800 JavaThread "Service Thread" daemon [_thread_blocked, id=6412, stack(0x0000000009ea0000,0x0000000009fa0000)]
  0x000000000873e000 JavaThread "C2 CompilerThread1" daemon [_thread_in_native, id=4008, stack(0x0000000009da0000,0x0000000009ea0000)]
=>0x000000000873c000 JavaThread "C2 CompilerThread0" daemon [_thread_in_native, id=6504, stack(0x0000000009ca0000,0x0000000009da0000)]
  0x000000000873b000 JavaThread "Attach Listener" daemon [_thread_blocked, id=5460, stack(0x0000000009ba0000,0x0000000009ca0000)]
  0x0000000008737800 JavaThread "Signal Dispatcher" daemon [_thread_blocked, id=6368, stack(0x0000000009aa0000,0x0000000009ba0000)]
  0x00000000086ff000 JavaThread "Finalizer" daemon [_thread_blocked, id=736, stack(0x00000000099a0000,0x0000000009aa0000)]
  0x00000000086f6000 JavaThread "Reference Handler" daemon [_thread_blocked, id=1040, stack(0x00000000098a0000,0x00000000099a0000)]
  0x00000000027a0800 JavaThread "main" [_thread_in_Java, id=5496, stack(0x00000000025b0000,0x00000000026b0000)]

Other Threads:
  0x00000000086f1000 VMThread [stack: 0x00000000097a0000,0x00000000098a0000] [id=3824]
  0x000000000875a000 WatcherThread [stack: 0x0000000009fa0000,0x000000000a0a0000] [id=6468]

VM state:not at safepoint (normal execution)

VM Mutex/Monitor currently owned by a thread: None

Heap
 PSYoungGen      total 18944K, used 8703K [0x00000000eaa80000, 0x00000000ecf80000, 0x0000000100000000)
  eden space 16384K, 37% used [0x00000000eaa80000,0x00000000eb081fb0,0x00000000eba80000)
  from space 2560K, 99% used [0x00000000ebd00000,0x00000000ebf7dc88,0x00000000ebf80000)
  to   space 2560K, 0% used [0x00000000eba80000,0x00000000eba80000,0x00000000ebd00000)
 ParOldGen       total 41984K, used 3897K [0x00000000c0000000, 0x00000000c2900000, 0x00000000eaa80000)
  object space 41984K, 9% used [0x00000000c0000000,0x00000000c03ce500,0x00000000c2900000)
 PSPermGen       total 21504K, used 5573K [0x00000000bae00000, 0x00000000bc300000, 0x00000000c0000000)
  object space 21504K, 25% used [0x00000000bae00000,0x00000000bb371518,0x00000000bc300000)

Card table byte_map: [0x0000000005960000,0x0000000005b90000] byte_map_base: 0x0000000005389000

Polling page: 0x00000000026b0000

Code Cache  [0x00000000028a0000, 0x0000000002b10000, 0x00000000058a0000)
 total_blobs=501 nmethods=267 adapters=186 free_code_cache=48151Kb largest_free_block=49280960

Compilation events (10 events):
Event: 3.034 Thread 0x000000000873e000 nmethod 264 0x000000000299bcd0 code [0x000000000299be60, 0x000000000299c578]
Event: 3.034 Thread 0x000000000873e000  265             com.android.dx.rop.code.BasicBlockList::getInstructionCount (48 bytes)
Event: 3.038 Thread 0x000000000873e000 nmethod 265 0x000000000299b7d0 code [0x000000000299b920, 0x000000000299baf8]
Event: 3.038 Thread 0x000000000873e000  266             com.android.dx.rop.code.RegisterSpecList::set (7 bytes)
Event: 3.039 Thread 0x000000000873e000 nmethod 266 0x000000000299ec90 code [0x000000000299ede0, 0x000000000299eed8]
Event: 3.039 Thread 0x000000000873e000  267   !         com.android.dx.rop.cst.StdConstantPool::get (24 bytes)
Event: 3.040 Thread 0x000000000873e000 nmethod 267 0x000000000299ea10 code [0x000000000299eb40, 0x000000000299ebd8]
Event: 3.040 Thread 0x000000000873e000  268             com.android.dx.rop.code.CstInsn::<init> (31 bytes)
Event: 3.041 Thread 0x000000000873e000 nmethod 268 0x00000000029a0490 code [0x00000000029a05e0, 0x00000000029a0718]
Event: 3.043 Thread 0x000000000873e000  269   !         com.android.dx.cf.code.Ropper::processBlock (1101 bytes)

GC Heap History (4 events):
Event: 1.751 GC heap before
{Heap before GC invocations=1 (full 0):
 PSYoungGen      total 18944K, used 16384K [0x00000000eaa80000, 0x00000000ebf80000, 0x0000000100000000)
  eden space 16384K, 100% used [0x00000000eaa80000,0x00000000eba80000,0x00000000eba80000)
  from space 2560K, 0% used [0x00000000ebd00000,0x00000000ebd00000,0x00000000ebf80000)
  to   space 2560K, 0% used [0x00000000eba80000,0x00000000eba80000,0x00000000ebd00000)
 ParOldGen       total 41984K, used 0K [0x00000000c0000000, 0x00000000c2900000, 0x00000000eaa80000)
  object space 41984K, 0% used [0x00000000c0000000,0x00000000c0000000,0x00000000c2900000)
 PSPermGen       total 21504K, used 5350K [0x00000000bae00000, 0x00000000bc300000, 0x00000000c0000000)
  object space 21504K, 24% used [0x00000000bae00000,0x00000000bb339a88,0x00000000bc300000)
Event: 1.797 GC heap after
Heap after GC invocations=1 (full 0):
 PSYoungGen      total 18944K, used 2551K [0x00000000eaa80000, 0x00000000ebf80000, 0x0000000100000000)
  eden space 16384K, 0% used [0x00000000eaa80000,0x00000000eaa80000,0x00000000eba80000)
  from space 2560K, 99% used [0x00000000eba80000,0x00000000ebcfdc78,0x00000000ebd00000)
  to   space 2560K, 0% used [0x00000000ebd00000,0x00000000ebd00000,0x00000000ebf80000)
 ParOldGen       total 41984K, used 1459K [0x00000000c0000000, 0x00000000c2900000, 0x00000000eaa80000)
  object space 41984K, 3% used [0x00000000c0000000,0x00000000c016ccc0,0x00000000c2900000)
 PSPermGen       total 21504K, used 5350K [0x00000000bae00000, 0x00000000bc300000, 0x00000000c0000000)
  object space 21504K, 24% used [0x00000000bae00000,0x00000000bb339a88,0x00000000bc300000)
}
Event: 2.838 GC heap before
{Heap before GC invocations=2 (full 0):
 PSYoungGen      total 18944K, used 18935K [0x00000000eaa80000, 0x00000000ebf80000, 0x0000000100000000)
  eden space 16384K, 100% used [0x00000000eaa80000,0x00000000eba80000,0x00000000eba80000)
  from space 2560K, 99% used [0x00000000eba80000,0x00000000ebcfdc78,0x00000000ebd00000)
  to   space 2560K, 0% used [0x00000000ebd00000,0x00000000ebd00000,0x00000000ebf80000)
 ParOldGen       total 41984K, used 1459K [0x00000000c0000000, 0x00000000c2900000, 0x00000000eaa80000)
  object space 41984K, 3% used [0x00000000c0000000,0x00000000c016ccc0,0x00000000c2900000)
 PSPermGen       total 21504K, used 5560K [0x00000000bae00000, 0x00000000bc300000, 0x00000000c0000000)
  object space 21504K, 25% used [0x00000000bae00000,0x00000000bb36e330,0x00000000bc300000)
Event: 2.860 GC heap after
Heap after GC invocations=2 (full 0):
 PSYoungGen      total 18944K, used 2551K [0x00000000eaa80000, 0x00000000ecf80000, 0x0000000100000000)
  eden space 16384K, 0% used [0x00000000eaa80000,0x00000000eaa80000,0x00000000eba80000)
  from space 2560K, 99% used [0x00000000ebd00000,0x00000000ebf7dc88,0x00000000ebf80000)
  to   space 2560K, 0% used [0x00000000eba80000,0x00000000eba80000,0x00000000ebd00000)
 ParOldGen       total 41984K, used 3897K [0x00000000c0000000, 0x00000000c2900000, 0x00000000eaa80000)
  object space 41984K, 9% used [0x00000000c0000000,0x00000000c03ce500,0x00000000c2900000)
 PSPermGen       total 21504K, used 5560K [0x00000000bae00000, 0x00000000bc300000, 0x00000000c0000000)
  object space 21504K, 25% used [0x00000000bae00000,0x00000000bb36e330,0x00000000bc300000)
}

Deoptimization events (3 events):
Event: 2.424 Thread 0x00000000027a0800 Uncommon trap: reason=unreached action=reinterpret pc=0x0000000002947e78 method=com.android.dx.ssa.SsaConverter.placePhiFunctions(Lcom/android/dx/ssa/SsaMethod;Lcom/android/dx/ssa/LocalVariableInfo;I)V @ 327
Event: 2.494 Thread 0x00000000027a0800 Uncommon trap: reason=null_check action=make_not_entrant pc=0x0000000002974864 method=com.android.dx.rop.type.Type.putIntern(Lcom/android/dx/rop/type/Type;)Lcom/android/dx/rop/type/Type; @ 18
Event: 3.091 Thread 0x00000000027a0800 Uncommon trap: reason=null_check action=make_not_entrant pc=0x0000000002958fc8 method=com.android.dx.ssa.SsaRenamer.getLocalForNewReg(I)Lcom/android/dx/rop/code/LocalItem; @ 19

Internal exceptions (10 events):
Event: 1.845 Thread 0x00000000027a0800 Threw 0x00000000eab72fd8 at C:\re\jdk7u75\1940\hotspot\src\share\vm\prims\jvm.cpp:1281
Event: 1.984 Thread 0x00000000027a0800 Threw 0x00000000eaea4690 at C:\re\jdk7u75\1940\hotspot\src\share\vm\prims\jvm.cpp:1281
Event: 1.985 Thread 0x00000000027a0800 Threw 0x00000000eaeae548 at C:\re\jdk7u75\1940\hotspot\src\share\vm\prims\jvm.cpp:1281
Event: 1.986 Thread 0x00000000027a0800 Threw 0x00000000eaeb0a70 at C:\re\jdk7u75\1940\hotspot\src\share\vm\prims\jvm.cpp:1281
Event: 1.993 Thread 0x00000000027a0800 Threw 0x00000000eaed1e38 at C:\re\jdk7u75\1940\hotspot\src\share\vm\prims\jvm.cpp:1281
Event: 1.993 Thread 0x00000000027a0800 Threw 0x00000000eaed7660 at C:\re\jdk7u75\1940\hotspot\src\share\vm\prims\jvm.cpp:1281
Event: 1.994 Thread 0x00000000027a0800 Threw 0x00000000eaedcb48 at C:\re\jdk7u75\1940\hotspot\src\share\vm\prims\jvm.cpp:1281
Event: 2.494 Thread 0x00000000027a0800 Implicit null exception at 0x000000000297415b to 0x0000000002974855
Event: 2.494 Thread 0x00000000027a0800 Threw 0x00000000eb52cb50 at C:\re\jdk7u75\1940\hotspot\src\share\vm\prims\jvm.cpp:1281
Event: 3.091 Thread 0x00000000027a0800 Implicit null exception at 0x0000000002957b7c to 0x0000000002958f99

Events (10 events):
Event: 2.494 Thread 0x00000000027a0800 Uncommon trap: trap_request=0xfffffff4 fr.pc=0x0000000002974864
Event: 2.494 Thread 0x00000000027a0800 DEOPT PACKING pc=0x0000000002974864 sp=0x00000000026aea80
Event: 2.494 Thread 0x00000000027a0800 DEOPT UNPACKING pc=0x00000000028d75a4 sp=0x00000000026ae9a0 mode 2
Event: 2.494 loading class 0x0000000008789190
Event: 2.494 loading class 0x0000000008789190 done
Event: 2.838 Executing VM operation: ParallelGCFailedAllocation
Event: 2.860 Executing VM operation: ParallelGCFailedAllocation done
Event: 3.091 Thread 0x00000000027a0800 Uncommon trap: trap_request=0xfffffff4 fr.pc=0x0000000002958fc8
Event: 3.091 Thread 0x00000000027a0800 DEOPT PACKING pc=0x0000000002958fc8 sp=0x00000000026aea00
Event: 3.091 Thread 0x00000000027a0800 DEOPT UNPACKING pc=0x00000000028d75a4 sp=0x00000000026ae790 mode 2


Dynamic libraries:
0x00007ff7231a0000 - 0x00007ff7231d3000 	C:\Program Files\Java\jdk1.7.0_75\bin\java.exe
0x00007ffa1c740000 - 0x00007ffa1c8ec000 	C:\Windows\SYSTEM32\ntdll.dll
0x00007ffa1ad00000 - 0x00007ffa1ae3a000 	C:\Windows\system32\KERNEL32.DLL
0x00007ffa19d30000 - 0x00007ffa19e3f000 	C:\Windows\system32\KERNELBASE.dll
0x00007ffa18540000 - 0x00007ffa185c8000 	C:\Windows\system32\apphelp.dll
0x00007ffa0b7a0000 - 0x00007ffa0b7ef000 	C:\Windows\AppPatch\AppPatch64\AcGenral.DLL
0x00007ffa1a030000 - 0x00007ffa1a0d7000 	C:\Windows\system32\msvcrt.dll
0x00007ffa19710000 - 0x00007ffa1973b000 	C:\Windows\SYSTEM32\SspiCli.dll
0x00007ffa1a5b0000 - 0x00007ffa1a601000 	C:\Windows\system32\SHLWAPI.dll
0x00007ffa1a760000 - 0x00007ffa1a8d1000 	C:\Windows\system32\USER32.dll
0x00007ffa1aab0000 - 0x00007ffa1ac28000 	C:\Windows\system32\ole32.dll
0x00007ffa1af10000 - 0x00007ffa1c428000 	C:\Windows\system32\SHELL32.dll
0x00007ffa19080000 - 0x00007ffa1909e000 	C:\Windows\SYSTEM32\USERENV.dll
0x00007ffa1a500000 - 0x00007ffa1a5a5000 	C:\Windows\system32\ADVAPI32.dll
0x00007ffa06f10000 - 0x00007ffa06f2b000 	C:\Windows\SYSTEM32\MPR.dll
0x00007ffa19e90000 - 0x00007ffa19fc7000 	C:\Windows\system32\RPCRT4.dll
0x00007ffa1a2c0000 - 0x00007ffa1a317000 	C:\Windows\SYSTEM32\sechost.dll
0x00007ffa1a0e0000 - 0x00007ffa1a2b6000 	C:\Windows\SYSTEM32\combase.dll
0x00007ffa1a610000 - 0x00007ffa1a754000 	C:\Windows\system32\GDI32.dll
0x00007ffa19980000 - 0x00007ffa19994000 	C:\Windows\SYSTEM32\profapi.dll
0x00007ffa17ef0000 - 0x00007ffa17fa2000 	C:\Windows\SYSTEM32\SHCORE.dll
0x00007ffa1a900000 - 0x00007ffa1a934000 	C:\Windows\system32\IMM32.DLL
0x00007ffa1c5d0000 - 0x00007ffa1c721000 	C:\Windows\system32\MSCTF.dll
0x00007ffa19930000 - 0x00007ffa19962000 	C:\Windows\system32\nvinitx.dll
0x00007ffa19920000 - 0x00007ffa1992a000 	C:\Windows\SYSTEM32\VERSION.dll
0x000000000f000000 - 0x000000000f006000 	C:\Program Files\NVIDIA Corporation\CoProcManager\_etoured.dll
0x00007ffa179d0000 - 0x00007ffa17a02000 	C:\Program Files\NVIDIA Corporation\CoProcManager\nvd3d9wrapx.dll
0x00007ffa1a320000 - 0x00007ffa1a4f4000 	C:\Windows\system32\SETUPAPI.dll
0x00007ffa19e40000 - 0x00007ffa19e8a000 	C:\Windows\system32\CFGMGR32.dll
0x00007ffa17960000 - 0x00007ffa17982000 	C:\Program Files\NVIDIA Corporation\CoProcManager\nvdxgiwrapx.dll
0x00007ffa17ac0000 - 0x00007ffa17d1a000 	C:\Windows\WinSxS\amd64_microsoft.windows.common-controls_6595b64144ccf1df_6.0.9600.17031_none_6242a4b3ecbb55a1\COMCTL32.dll
0x0000000062350000 - 0x0000000062422000 	C:\Program Files\Java\jdk1.7.0_75\jre\bin\msvcr100.dll
0x00000000624a0000 - 0x0000000062c74000 	C:\Program Files\Java\jdk1.7.0_75\jre\bin\server\jvm.dll
0x00007ffa15290000 - 0x00007ffa15299000 	C:\Windows\SYSTEM32\WSOCK32.dll
0x00007ffa174a0000 - 0x00007ffa174bf000 	C:\Windows\SYSTEM32\WINMM.dll
0x00007ffa1ac30000 - 0x00007ffa1ac37000 	C:\Windows\system32\PSAPI.DLL
0x00007ffa1a9b0000 - 0x00007ffa1aa08000 	C:\Windows\system32\WS2_32.dll
0x00007ffa17280000 - 0x00007ffa172aa000 	C:\Windows\SYSTEM32\WINMMBASE.dll
0x00007ffa1c730000 - 0x00007ffa1c739000 	C:\Windows\system32\NSI.dll
0x00007ffa18790000 - 0x00007ffa187b6000 	C:\Windows\SYSTEM32\DEVOBJ.dll
0x0000000063150000 - 0x000000006315f000 	C:\Program Files\Java\jdk1.7.0_75\jre\bin\verify.dll
0x0000000063120000 - 0x0000000063148000 	C:\Program Files\Java\jdk1.7.0_75\jre\bin\java.dll
0x0000000063100000 - 0x0000000063115000 	C:\Program Files\Java\jdk1.7.0_75\jre\bin\zip.dll
0x00000000630e0000 - 0x00000000630f9000 	C:\Program Files\Java\jdk1.7.0_75\jre\bin\net.dll
0x00007ffa19170000 - 0x00007ffa191c8000 	C:\Windows\system32\mswsock.dll
0x00000000630c0000 - 0x00000000630d1000 	C:\Program Files\Java\jdk1.7.0_75\jre\bin\nio.dll

VM Arguments:
jvm_args: -Xmx1024M -Dfile.encoding=windows-1251 -Duser.country=UA -Duser.language=uk -Duser.variant 
java_command: com.android.dx.command.Main --dex --output C:\Program Files (x86)\Android\workspace\PronounceIt\app\build\intermediates\pre-dexed\debug\internal_impl-22.0.0-23c03d2d063c677098f6322ef672708647c5b1fd.jar C:\Program Files (x86)\Android\workspace\PronounceIt\app\build\intermediates\exploded-aar\com.android.support\support-v4\22.0.0\libs\internal_impl-22.0.0.jar
Launcher Type: SUN_STANDARD

Environment Variables:
JAVA_HOME=C:\Program Files\Java\jdk1.7.0_75
PATH=C:\ProgramData\Oracle\Java\javapath;C:\Program Files (x86)\NVIDIA Corporation\PhysX\Common;C:\Windows\system32;C:\Windows;C:\Windows\System32\Wbem;C:\Windows\System32\WindowsPowerShell\v1.0\;e:\Program Files (x86)\Git\cmd\;C:\adb;C:\Program Files\Java\jdk1.7.0_75\bin\; ;C:\Program Files (x86)\Skype\Phone\
USERNAME=Eren
OS=Windows_NT
PROCESSOR_IDENTIFIER=Intel64 Family 6 Model 42 Stepping 7, GenuineIntel



---------------  S Y S T E M  ---------------

OS: Windows 8.1 , 64 bit Build 9600 

CPU:total 4 (2 cores per cpu, 2 threads per core) family 6 model 42 stepping 7, cmov, cx8, fxsr, mmx, sse, sse2, sse3, ssse3, sse4.1, sse4.2, popcnt, avx, aes, ht, tsc, tscinvbit

Memory: 4k page, physical 4042604k(171176k free), swap 6139756k(5584k free)

vm_info: Java HotSpot(TM) 64-Bit Server VM (24.75-b04) for windows-amd64 JRE (1.7.0_75-b13), built on Dec 18 2014 17:15:01 by "java_re" with unknown MS VC++:1600

time: Sun Apr 05 17:25:53 2015
elapsed time: 3 seconds

