#
# There is insufficient memory for the Java Runtime Environment to continue.
# Native memory allocation (malloc) failed to allocate 1589520 bytes for Chunk::new
# Possible reasons:
#   The system is out of physical RAM or swap space
#   In 32 bit mode, the process size limit was hit
# Possible solutions:
#   Reduce memory load on the system
#   Increase physical memory or swap space
#   Check if swap backing store is full
#   Use 64 bit Java on a 64 bit OS
#   Decrease Java heap size (-Xmx/-Xms)
#   Decrease number of Java threads
#   Decrease Java thread stack sizes (-Xss)
#   Set larger code cache with -XX:ReservedCodeCacheSize=
# This output file may be truncated or incomplete.
#
#  Out of Memory Error (allocation.cpp:323), pid=2204, tid=6756
#
# JRE version: Java(TM) SE Runtime Environment (7.0_75-b13) (build 1.7.0_75-b13)
# Java VM: Java HotSpot(TM) 64-Bit Server VM (24.75-b04 mixed mode windows-amd64 compressed oops)
# Failed to write core dump. Minidumps are not enabled by default on client versions of Windows
#

---------------  T H R E A D  ---------------

Current thread (0x0000000008506000):  JavaThread "C2 CompilerThread1" daemon [_thread_in_native, id=6756, stack(0x0000000009b80000,0x0000000009c80000)]

Stack: [0x0000000009b80000,0x0000000009c80000]
[error occurred during error reporting (printing stack bounds), id 0xc0000005]


Current CompileTask:
C2:  19402  723   !         com.android.dx.dex.cf.CfTranslator::processMethods (583 bytes)


---------------  P R O C E S S  ---------------

Java Threads: ( => current thread )
  0x0000000008518800 JavaThread "Service Thread" daemon [_thread_blocked, id=7080, stack(0x0000000009c80000,0x0000000009d80000)]
=>0x0000000008506000 JavaThread "C2 CompilerThread1" daemon [_thread_in_native, id=6756, stack(0x0000000009b80000,0x0000000009c80000)]
  0x0000000008504800 JavaThread "C2 CompilerThread0" daemon [_thread_blocked, id=4916, stack(0x0000000009a80000,0x0000000009b80000)]
  0x0000000008503800 JavaThread "Attach Listener" daemon [_thread_blocked, id=1140, stack(0x0000000009980000,0x0000000009a80000)]
  0x0000000008500000 JavaThread "Signal Dispatcher" daemon [_thread_blocked, id=996, stack(0x0000000009880000,0x0000000009980000)]
  0x00000000084c9800 JavaThread "Finalizer" daemon [_thread_blocked, id=6476, stack(0x0000000009780000,0x0000000009880000)]
  0x00000000084c6000 JavaThread "Reference Handler" daemon [_thread_blocked, id=5948, stack(0x0000000009680000,0x0000000009780000)]
  0x0000000002630800 JavaThread "main" [_thread_in_Java, id=5148, stack(0x0000000002430000,0x0000000002530000)]

Other Threads:
  0x00000000084c1000 VMThread [stack: 0x0000000009580000,0x0000000009680000] [id=4700]
  0x0000000008523000 WatcherThread [stack: 0x0000000009d80000,0x0000000009e80000] [id=6768]

VM state:not at safepoint (normal execution)

VM Mutex/Monitor currently owned by a thread: None

Heap
 PSYoungGen      total 197120K, used 71042K [0x00000000eaa80000, 0x00000000f9a00000, 0x0000000100000000)
  eden space 172544K, 32% used [0x00000000eaa80000,0x00000000ee0a0cc0,0x00000000f5300000)
  from space 24576K, 63% used [0x00000000f6200000,0x00000000f713fbb0,0x00000000f7a00000)
  to   space 32768K, 0% used [0x00000000f7a00000,0x00000000f7a00000,0x00000000f9a00000)
 ParOldGen       total 153600K, used 84291K [0x00000000c0000000, 0x00000000c9600000, 0x00000000eaa80000)
  object space 153600K, 54% used [0x00000000c0000000,0x00000000c5250d20,0x00000000c9600000)
 PSPermGen       total 21504K, used 5808K [0x00000000bae00000, 0x00000000bc300000, 0x00000000c0000000)
  object space 21504K, 27% used [0x00000000bae00000,0x00000000bb3ac180,0x00000000bc300000)

Card table byte_map: [0x0000000005730000,0x0000000005960000] byte_map_base: 0x0000000005159000

Polling page: 0x0000000000580000

Code Cache  [0x0000000002730000, 0x00000000029e0000, 0x0000000005730000)
 total_blobs=940 nmethods=706 adapters=186 free_code_cache=46569Kb largest_free_block=47568000

Compilation events (10 events):
Event: 19.111 Thread 0x0000000008504800  728             com.android.dx.cf.direct.StdAttributeFactory::code (613 bytes)
Event: 19.167 Thread 0x0000000008504800 nmethod 728 0x00000000029cee10 code [0x00000000029cf080, 0x00000000029d0c80]
Event: 19.170 Thread 0x0000000008504800  729             com.android.dx.dex.file.ValueEncoder::addContents (75 bytes)
Event: 19.214 Thread 0x0000000008504800 nmethod 729 0x0000000002991e90 code [0x0000000002992180, 0x00000000029930d8]
Event: 19.214 Thread 0x0000000008504800  730             com.android.dx.rop.code.RegisterSpec::withSimpleType (59 bytes)
Event: 19.216 Thread 0x0000000008504800 nmethod 730 0x0000000002953990 code [0x0000000002953ae0, 0x0000000002953bc8]
Event: 19.217 Thread 0x0000000008504800  731             com.android.dx.rop.code.RegisterSpecSet::get (9 bytes)
Event: 19.218 Thread 0x0000000008504800 nmethod 731 0x00000000029c5d50 code [0x00000000029c5e80, 0x00000000029c5f18]
Event: 19.385 Thread 0x0000000008504800  732             com.android.dx.ssa.BasicRegisterMapper::<init> (17 bytes)
Event: 19.388 Thread 0x0000000008504800 nmethod 732 0x00000000029c5890 code [0x00000000029c59e0, 0x00000000029c5b98]

GC Heap History (10 events):
Event: 11.897 GC heap before
{Heap before GC invocations=9 (full 0):
 PSYoungGen      total 139776K, used 139755K [0x00000000eaa80000, 0x00000000f4d80000, 0x0000000100000000)
  eden space 124928K, 100% used [0x00000000eaa80000,0x00000000f2480000,0x00000000f2480000)
  from space 14848K, 99% used [0x00000000f3700000,0x00000000f457af80,0x00000000f4580000)
  to   space 18944K, 0% used [0x00000000f2480000,0x00000000f2480000,0x00000000f3700000)
 ParOldGen       total 41984K, used 28098K [0x00000000c0000000, 0x00000000c2900000, 0x00000000eaa80000)
  object space 41984K, 66% used [0x00000000c0000000,0x00000000c1b70a08,0x00000000c2900000)
 PSPermGen       total 21504K, used 5768K [0x00000000bae00000, 0x00000000bc300000, 0x00000000c0000000)
  object space 21504K, 26% used [0x00000000bae00000,0x00000000bb3a2380,0x00000000bc300000)
Event: 12.088 GC heap after
Heap after GC invocations=9 (full 0):
 PSYoungGen      total 143872K, used 18940K [0x00000000eaa80000, 0x00000000fa500000, 0x0000000100000000)
  eden space 124928K, 0% used [0x00000000eaa80000,0x00000000eaa80000,0x00000000f2480000)
  from space 18944K, 99% used [0x00000000f2480000,0x00000000f36ff230,0x00000000f3700000)
  to   space 28160K, 0% used [0x00000000f8980000,0x00000000f8980000,0x00000000fa500000)
 ParOldGen       total 44544K, used 43662K [0x00000000c0000000, 0x00000000c2b80000, 0x00000000eaa80000)
  object space 44544K, 98% used [0x00000000c0000000,0x00000000c2aa3930,0x00000000c2b80000)
 PSPermGen       total 21504K, used 5768K [0x00000000bae00000, 0x00000000bc300000, 0x00000000c0000000)
  object space 21504K, 26% used [0x00000000bae00000,0x00000000bb3a2380,0x00000000bc300000)
}
Event: 12.088 GC heap before
{Heap before GC invocations=10 (full 1):
 PSYoungGen      total 143872K, used 18940K [0x00000000eaa80000, 0x00000000fa500000, 0x0000000100000000)
  eden space 124928K, 0% used [0x00000000eaa80000,0x00000000eaa80000,0x00000000f2480000)
  from space 18944K, 99% used [0x00000000f2480000,0x00000000f36ff230,0x00000000f3700000)
  to   space 28160K, 0% used [0x00000000f8980000,0x00000000f8980000,0x00000000fa500000)
 ParOldGen       total 44544K, used 43662K [0x00000000c0000000, 0x00000000c2b80000, 0x00000000eaa80000)
  object space 44544K, 98% used [0x00000000c0000000,0x00000000c2aa3930,0x00000000c2b80000)
 PSPermGen       total 21504K, used 5768K [0x00000000bae00000, 0x00000000bc300000, 0x00000000c0000000)
  object space 21504K, 26% used [0x00000000bae00000,0x00000000bb3a2380,0x00000000bc300000)
Event: 14.070 GC heap after
Heap after GC invocations=10 (full 1):
 PSYoungGen      total 143872K, used 14771K [0x00000000eaa80000, 0x00000000fa500000, 0x0000000100000000)
  eden space 124928K, 0% used [0x00000000eaa80000,0x00000000eaa80000,0x00000000f2480000)
  from space 18944K, 77% used [0x00000000f2480000,0x00000000f32ecc40,0x00000000f3700000)
  to   space 28160K, 0% used [0x00000000f8980000,0x00000000f8980000,0x00000000fa500000)
 ParOldGen       total 84480K, used 44065K [0x00000000c0000000, 0x00000000c5280000, 0x00000000eaa80000)
  object space 84480K, 52% used [0x00000000c0000000,0x00000000c2b086e0,0x00000000c5280000)
 PSPermGen       total 21504K, used 5764K [0x00000000bae00000, 0x00000000bc300000, 0x00000000c0000000)
  object space 21504K, 26% used [0x00000000bae00000,0x00000000bb3a1048,0x00000000bc300000)
}
Event: 16.154 GC heap before
{Heap before GC invocations=11 (full 1):
 PSYoungGen      total 143872K, used 139699K [0x00000000eaa80000, 0x00000000fa500000, 0x0000000100000000)
  eden space 124928K, 100% used [0x00000000eaa80000,0x00000000f2480000,0x00000000f2480000)
  from space 18944K, 77% used [0x00000000f2480000,0x00000000f32ecc40,0x00000000f3700000)
  to   space 28160K, 0% used [0x00000000f8980000,0x00000000f8980000,0x00000000fa500000)
 ParOldGen       total 84480K, used 44065K [0x00000000c0000000, 0x00000000c5280000, 0x00000000eaa80000)
  object space 84480K, 52% used [0x00000000c0000000,0x00000000c2b086e0,0x00000000c5280000)
 PSPermGen       total 21504K, used 5785K [0x00000000bae00000, 0x00000000bc300000, 0x00000000c0000000)
  object space 21504K, 26% used [0x00000000bae00000,0x00000000bb3a6570,0x00000000bc300000)
Event: 16.287 GC heap after
Heap after GC invocations=11 (full 1):
 PSYoungGen      total 174080K, used 28128K [0x00000000eaa80000, 0x00000000fa500000, 0x0000000100000000)
  eden space 145920K, 0% used [0x00000000eaa80000,0x00000000eaa80000,0x00000000f3900000)
  from space 28160K, 99% used [0x00000000f8980000,0x00000000fa4f8020,0x00000000fa500000)
  to   space 34304K, 0% used [0x00000000f6200000,0x00000000f6200000,0x00000000f8380000)
 ParOldGen       total 84480K, used 49566K [0x00000000c0000000, 0x00000000c5280000, 0x00000000eaa80000)
  object space 84480K, 58% used [0x00000000c0000000,0x00000000c3067b38,0x00000000c5280000)
 PSPermGen       total 21504K, used 5785K [0x00000000bae00000, 0x00000000bc300000, 0x00000000c0000000)
  object space 21504K, 26% used [0x00000000bae00000,0x00000000bb3a6570,0x00000000bc300000)
}
Event: 17.531 GC heap before
{Heap before GC invocations=12 (full 1):
 PSYoungGen      total 174080K, used 174048K [0x00000000eaa80000, 0x00000000fa500000, 0x0000000100000000)
  eden space 145920K, 100% used [0x00000000eaa80000,0x00000000f3900000,0x00000000f3900000)
  from space 28160K, 99% used [0x00000000f8980000,0x00000000fa4f8020,0x00000000fa500000)
  to   space 34304K, 0% used [0x00000000f6200000,0x00000000f6200000,0x00000000f8380000)
 ParOldGen       total 84480K, used 49566K [0x00000000c0000000, 0x00000000c5280000, 0x00000000eaa80000)
  object space 84480K, 58% used [0x00000000c0000000,0x00000000c3067b38,0x00000000c5280000)
 PSPermGen       total 21504K, used 5802K [0x00000000bae00000, 0x00000000bc300000, 0x00000000c0000000)
  object space 21504K, 26% used [0x00000000bae00000,0x00000000bb3aa8c8,0x00000000bc300000)
Event: 17.646 GC heap after
Heap after GC invocations=12 (full 1):
 PSYoungGen      total 197120K, used 24496K [0x00000000eaa80000, 0x00000000f9a00000, 0x0000000100000000)
  eden space 172544K, 0% used [0x00000000eaa80000,0x00000000eaa80000,0x00000000f5300000)
  from space 24576K, 99% used [0x00000000f6200000,0x00000000f79ec2e0,0x00000000f7a00000)
  to   space 32768K, 0% used [0x00000000f7a00000,0x00000000f7a00000,0x00000000f9a00000)
 ParOldGen       total 84480K, used 77599K [0x00000000c0000000, 0x00000000c5280000, 0x00000000eaa80000)
  object space 84480K, 91% used [0x00000000c0000000,0x00000000c4bc7e40,0x00000000c5280000)
 PSPermGen       total 21504K, used 5802K [0x00000000bae00000, 0x00000000bc300000, 0x00000000c0000000)
  object space 21504K, 26% used [0x00000000bae00000,0x00000000bb3aa8c8,0x00000000bc300000)
}
Event: 17.646 GC heap before
{Heap before GC invocations=13 (full 2):
 PSYoungGen      total 197120K, used 24496K [0x00000000eaa80000, 0x00000000f9a00000, 0x0000000100000000)
  eden space 172544K, 0% used [0x00000000eaa80000,0x00000000eaa80000,0x00000000f5300000)
  from space 24576K, 99% used [0x00000000f6200000,0x00000000f79ec2e0,0x00000000f7a00000)
  to   space 32768K, 0% used [0x00000000f7a00000,0x00000000f7a00000,0x00000000f9a00000)
 ParOldGen       total 84480K, used 77599K [0x00000000c0000000, 0x00000000c5280000, 0x00000000eaa80000)
  object space 84480K, 91% used [0x00000000c0000000,0x00000000c4bc7e40,0x00000000c5280000)
 PSPermGen       total 21504K, used 5802K [0x00000000bae00000, 0x00000000bc300000, 0x00000000c0000000)
  object space 21504K, 26% used [0x00000000bae00000,0x00000000bb3aa8c8,0x00000000bc300000)
Event: 18.708 GC heap after
Heap after GC invocations=13 (full 2):
 PSYoungGen      total 197120K, used 15614K [0x00000000eaa80000, 0x00000000f9a00000, 0x0000000100000000)
  eden space 172544K, 0% used [0x00000000eaa80000,0x00000000eaa80000,0x00000000f5300000)
  from space 24576K, 63% used [0x00000000f6200000,0x00000000f713fbb0,0x00000000f7a00000)
  to   space 32768K, 0% used [0x00000000f7a00000,0x00000000f7a00000,0x00000000f9a00000)
 ParOldGen       total 153600K, used 84291K [0x00000000c0000000, 0x00000000c9600000, 0x00000000eaa80000)
  object space 153600K, 54% used [0x00000000c0000000,0x00000000c5250d20,0x00000000c9600000)
 PSPermGen       total 21504K, used 5801K [0x00000000bae00000, 0x00000000bc300000, 0x00000000c0000000)
  object space 21504K, 26% used [0x00000000bae00000,0x00000000bb3aa708,0x00000000bc300000)
}

Deoptimization events (10 events):
Event: 14.470 Thread 0x0000000002630800 Uncommon trap: reason=unloaded action=reinterpret pc=0x00000000027e5004 method=com.android.dx.ssa.SsaRenamer$BlockRenamer.visitMoveInsn(Lcom/android/dx/ssa/NormalSsaInsn;)V @ 208
Event: 14.471 Thread 0x0000000002630800 Uncommon trap: reason=unreached action=reinterpret pc=0x00000000027e7628 method=com.android.dx.ssa.SsaRenamer$BlockRenamer.process()V @ 59
Event: 15.400 Thread 0x0000000002630800 Uncommon trap: reason=null_check action=make_not_entrant pc=0x00000000028532d8 method=com.android.dx.ssa.SsaRenamer.getLocalForNewReg(I)Lcom/android/dx/rop/code/LocalItem; @ 19
Event: 15.497 Thread 0x0000000002630800 Uncommon trap: reason=bimorphic action=maybe_recompile pc=0x0000000002970124 method=com.android.dx.cf.code.RopperMachine.run(Lcom/android/dx/cf/code/Frame;II)V @ 988
Event: 15.499 Thread 0x0000000002630800 Uncommon trap: reason=class_check action=maybe_recompile pc=0x00000000028c35f8 method=com.android.dx.ssa.SCCP.replaceConstants()V @ 127
Event: 15.505 Thread 0x0000000002630800 Uncommon trap: reason=unloaded action=reinterpret pc=0x00000000028e40e0 method=com.android.dx.cf.cst.ConstantPoolParser.parse0(ILjava/util/BitSet;)Lcom/android/dx/rop/cst/Constant; @ 176
Event: 15.899 Thread 0x0000000002630800 Uncommon trap: reason=bimorphic action=maybe_recompile pc=0x0000000002970124 method=com.android.dx.cf.code.RopperMachine.run(Lcom/android/dx/cf/code/Frame;II)V @ 988
Event: 16.862 Thread 0x0000000002630800 Uncommon trap: reason=uninitialized action=reinterpret pc=0x0000000002963bcc method=com.android.dx.dex.file.DexFile.internIfAppropriate(Lcom/android/dx/rop/cst/Constant;)V @ 103
Event: 16.958 Thread 0x0000000002630800 Uncommon trap: reason=bimorphic action=maybe_recompile pc=0x0000000002970124 method=com.android.dx.cf.code.RopperMachine.run(Lcom/android/dx/cf/code/Frame;II)V @ 988
Event: 18.903 Thread 0x0000000002630800 Uncommon trap: reason=class_check action=maybe_recompile pc=0x00000000028c35f8 method=com.android.dx.ssa.SCCP.replaceConstants()V @ 127

Internal exceptions (10 events):
Event: 3.855 Thread 0x0000000002630800 Implicit null exception at 0x000000000282d9bd to 0x000000000282fe9d
Event: 4.659 Thread 0x0000000002630800 Threw 0x00000000eb1a6728 at C:\re\jdk7u75\1940\hotspot\src\share\vm\prims\jvm.cpp:1281
Event: 5.528 Thread 0x0000000002630800 Implicit null exception at 0x00000000028bacab to 0x00000000028bb389
Event: 6.492 Thread 0x0000000002630800 Threw 0x00000000eb697db8 at C:\re\jdk7u75\1940\hotspot\src\share\vm\prims\jvm.cpp:1281
Event: 6.566 Thread 0x0000000002630800 Threw 0x00000000ebada848 at C:\re\jdk7u75\1940\hotspot\src\share\vm\prims\jvm.cpp:1281
Event: 8.048 Thread 0x0000000002630800 Threw 0x00000000ebda4e08 at C:\re\jdk7u75\1940\hotspot\src\share\vm\prims\jvm.cpp:1281
Event: 8.049 Thread 0x0000000002630800 Threw 0x00000000ebdaebe0 at C:\re\jdk7u75\1940\hotspot\src\share\vm\prims\jvm.cpp:1281
Event: 8.051 Thread 0x0000000002630800 Threw 0x00000000ebdb0ea0 at C:\re\jdk7u75\1940\hotspot\src\share\vm\prims\jvm.cpp:1281
Event: 10.700 Thread 0x0000000002630800 Threw 0x00000000eeda9780 at C:\re\jdk7u75\1940\hotspot\src\share\vm\prims\jvm.cpp:1281
Event: 15.400 Thread 0x0000000002630800 Implicit null exception at 0x0000000002852680 to 0x00000000028532bd

Events (10 events):
Event: 16.862 Thread 0x0000000002630800 DEOPT UNPACKING pc=0x00000000027675a4 sp=0x000000000252ea88 mode 2
Event: 16.958 Thread 0x0000000002630800 Uncommon trap: trap_request=0xffffffc6 fr.pc=0x0000000002970124
Event: 16.958 Thread 0x0000000002630800 DEOPT PACKING pc=0x0000000002970124 sp=0x000000000252ea00
Event: 16.958 Thread 0x0000000002630800 DEOPT UNPACKING pc=0x00000000027675a4 sp=0x000000000252e978 mode 2
Event: 17.530 Executing VM operation: ParallelGCFailedAllocation
Event: 18.708 Executing VM operation: ParallelGCFailedAllocation done
Event: 18.902 Thread 0x0000000002630800 Uncommon trap: trap_request=0xffffffde fr.pc=0x00000000028c35f8
Event: 18.903 Thread 0x0000000002630800 DEOPT PACKING pc=0x00000000028c35f8 sp=0x000000000252eab0
Event: 18.903 Thread 0x0000000002630800 DEOPT UNPACKING pc=0x00000000027675a4 sp=0x000000000252ea00 mode 2
Event: 19.216 Thread 0x0000000008504800 flushing nmethod 0x000000000299f610


Dynamic libraries:
0x00007ff7231a0000 - 0x00007ff7231d3000 	C:\Program Files\Java\jdk1.7.0_75\bin\java.exe
0x00007ffa1c740000 - 0x00007ffa1c8ec000 	C:\Windows\SYSTEM32\ntdll.dll
0x00007ffa1ad00000 - 0x00007ffa1ae3a000 	C:\Windows\system32\KERNEL32.DLL
0x00007ffa19d30000 - 0x00007ffa19e3f000 	C:\Windows\system32\KERNELBASE.dll
0x00007ffa18540000 - 0x00007ffa185c8000 	C:\Windows\system32\apphelp.dll
0x00007ffa0b7a0000 - 0x00007ffa0b7ef000 	C:\Windows\AppPatch\AppPatch64\AcGenral.DLL
0x00007ffa1a030000 - 0x00007ffa1a0d7000 	C:\Windows\system32\msvcrt.dll
0x00007ffa19710000 - 0x00007ffa1973b000 	C:\Windows\SYSTEM32\SspiCli.dll
0x00007ffa1a5b0000 - 0x00007ffa1a601000 	C:\Windows\system32\SHLWAPI.dll
0x00007ffa1a760000 - 0x00007ffa1a8d1000 	C:\Windows\system32\USER32.dll
0x00007ffa1aab0000 - 0x00007ffa1ac28000 	C:\Windows\system32\ole32.dll
0x00007ffa1af10000 - 0x00007ffa1c428000 	C:\Windows\system32\SHELL32.dll
0x00007ffa19080000 - 0x00007ffa1909e000 	C:\Windows\SYSTEM32\USERENV.dll
0x00007ffa1a500000 - 0x00007ffa1a5a5000 	C:\Windows\system32\ADVAPI32.dll
0x00007ffa06f10000 - 0x00007ffa06f2b000 	C:\Windows\SYSTEM32\MPR.dll
0x00007ffa19e90000 - 0x00007ffa19fc7000 	C:\Windows\system32\RPCRT4.dll
0x00007ffa1a2c0000 - 0x00007ffa1a317000 	C:\Windows\SYSTEM32\sechost.dll
0x00007ffa1a0e0000 - 0x00007ffa1a2b6000 	C:\Windows\SYSTEM32\combase.dll
0x00007ffa1a610000 - 0x00007ffa1a754000 	C:\Windows\system32\GDI32.dll
0x00007ffa19980000 - 0x00007ffa19994000 	C:\Windows\SYSTEM32\profapi.dll
0x00007ffa17ef0000 - 0x00007ffa17fa2000 	C:\Windows\SYSTEM32\SHCORE.dll
0x00007ffa1a900000 - 0x00007ffa1a934000 	C:\Windows\system32\IMM32.DLL
0x00007ffa1c5d0000 - 0x00007ffa1c721000 	C:\Windows\system32\MSCTF.dll
0x00007ffa19930000 - 0x00007ffa19962000 	C:\Windows\system32\nvinitx.dll
0x00007ffa19920000 - 0x00007ffa1992a000 	C:\Windows\SYSTEM32\VERSION.dll
0x000000000f000000 - 0x000000000f006000 	C:\Program Files\NVIDIA Corporation\CoProcManager\_etoured.dll
0x00007ffa179d0000 - 0x00007ffa17a02000 	C:\Program Files\NVIDIA Corporation\CoProcManager\nvd3d9wrapx.dll
0x00007ffa1a320000 - 0x00007ffa1a4f4000 	C:\Windows\system32\SETUPAPI.dll
0x00007ffa19e40000 - 0x00007ffa19e8a000 	C:\Windows\system32\CFGMGR32.dll
0x00007ffa17960000 - 0x00007ffa17982000 	C:\Program Files\NVIDIA Corporation\CoProcManager\nvdxgiwrapx.dll
0x00007ffa17ac0000 - 0x00007ffa17d1a000 	C:\Windows\WinSxS\amd64_microsoft.windows.common-controls_6595b64144ccf1df_6.0.9600.17031_none_6242a4b3ecbb55a1\COMCTL32.dll
0x0000000062350000 - 0x0000000062422000 	C:\Program Files\Java\jdk1.7.0_75\jre\bin\msvcr100.dll
0x00000000624a0000 - 0x0000000062c74000 	C:\Program Files\Java\jdk1.7.0_75\jre\bin\server\jvm.dll
0x00007ffa15290000 - 0x00007ffa15299000 	C:\Windows\SYSTEM32\WSOCK32.dll
0x00007ffa174a0000 - 0x00007ffa174bf000 	C:\Windows\SYSTEM32\WINMM.dll
0x00007ffa1ac30000 - 0x00007ffa1ac37000 	C:\Windows\system32\PSAPI.DLL
0x00007ffa1a9b0000 - 0x00007ffa1aa08000 	C:\Windows\system32\WS2_32.dll
0x00007ffa17280000 - 0x00007ffa172aa000 	C:\Windows\SYSTEM32\WINMMBASE.dll
0x00007ffa1c730000 - 0x00007ffa1c739000 	C:\Windows\system32\NSI.dll
0x00007ffa18790000 - 0x00007ffa187b6000 	C:\Windows\SYSTEM32\DEVOBJ.dll
0x0000000063150000 - 0x000000006315f000 	C:\Program Files\Java\jdk1.7.0_75\jre\bin\verify.dll
0x0000000063120000 - 0x0000000063148000 	C:\Program Files\Java\jdk1.7.0_75\jre\bin\java.dll
0x0000000063100000 - 0x0000000063115000 	C:\Program Files\Java\jdk1.7.0_75\jre\bin\zip.dll
0x00000000630e0000 - 0x00000000630f9000 	C:\Program Files\Java\jdk1.7.0_75\jre\bin\net.dll
0x00007ffa19170000 - 0x00007ffa191c8000 	C:\Windows\system32\mswsock.dll
0x00000000630c0000 - 0x00000000630d1000 	C:\Program Files\Java\jdk1.7.0_75\jre\bin\nio.dll

VM Arguments:
jvm_args: -Xmx1024M -Dfile.encoding=windows-1251 -Duser.country=UA -Duser.language=uk -Duser.variant 
java_command: com.android.dx.command.Main --dex --output C:\Program Files (x86)\Android\workspace\PronounceIt\app\build\intermediates\pre-dexed\debug\classes-bd3c514765be62549a41a3a246889cecc5124b99.jar C:\Program Files (x86)\Android\workspace\PronounceIt\app\build\intermediates\exploded-aar\com.google.android.gms\play-services\4.3.23\classes.jar
Launcher Type: SUN_STANDARD

Environment Variables:
JAVA_HOME=C:\Program Files\Java\jdk1.7.0_75
PATH=C:\ProgramData\Oracle\Java\javapath;C:\Program Files (x86)\NVIDIA Corporation\PhysX\Common;C:\Windows\system32;C:\Windows;C:\Windows\System32\Wbem;C:\Windows\System32\WindowsPowerShell\v1.0\;e:\Program Files (x86)\Git\cmd\;C:\adb;C:\Program Files\Java\jdk1.7.0_75\bin\; ;C:\Program Files (x86)\Skype\Phone\
USERNAME=Eren
OS=Windows_NT
PROCESSOR_IDENTIFIER=Intel64 Family 6 Model 42 Stepping 7, GenuineIntel



---------------  S Y S T E M  ---------------

OS: Windows 8.1 , 64 bit Build 9600 

CPU:total 4 (2 cores per cpu, 2 threads per core) family 6 model 42 stepping 7, cmov, cx8, fxsr, mmx, sse, sse2, sse3, ssse3, sse4.1, sse4.2, popcnt, avx, aes, ht, tsc, tscinvbit

Memory: 4k page, physical 4042604k(197172k free), swap 6139756k(5212k free)

vm_info: Java HotSpot(TM) 64-Bit Server VM (24.75-b04) for windows-amd64 JRE (1.7.0_75-b13), built on Dec 18 2014 17:15:01 by "java_re" with unknown MS VC++:1600

time: Sun Apr 05 17:26:38 2015
elapsed time: 19 seconds

