#
# There is insufficient memory for the Java Runtime Environment to continue.
# Native memory allocation (malloc) failed to allocate 172496 bytes for Chunk::new
# Possible reasons:
#   The system is out of physical RAM or swap space
#   In 32 bit mode, the process size limit was hit
# Possible solutions:
#   Reduce memory load on the system
#   Increase physical memory or swap space
#   Check if swap backing store is full
#   Use 64 bit Java on a 64 bit OS
#   Decrease Java heap size (-Xmx/-Xms)
#   Decrease number of Java threads
#   Decrease Java thread stack sizes (-Xss)
#   Set larger code cache with -XX:ReservedCodeCacheSize=
# This output file may be truncated or incomplete.
#
#  Out of Memory Error (allocation.cpp:323), pid=4072, tid=5920
#
# JRE version: Java(TM) SE Runtime Environment (7.0_75-b13) (build 1.7.0_75-b13)
# Java VM: Java HotSpot(TM) 64-Bit Server VM (24.75-b04 mixed mode windows-amd64 compressed oops)
# Failed to write core dump. Minidumps are not enabled by default on client versions of Windows
#

---------------  T H R E A D  ---------------

Current thread (0x00000000086f4000):  JavaThread "C2 CompilerThread0" daemon [_thread_in_native, id=5920, stack(0x0000000009c80000,0x0000000009d80000)]

Stack: [0x0000000009c80000,0x0000000009d80000]
[error occurred during error reporting (printing stack bounds), id 0xc0000005]


Current CompileTask:
C2:  11120  581   !         com.android.dx.cf.code.RopperMachine::run (1550 bytes)


---------------  P R O C E S S  ---------------

Java Threads: ( => current thread )
  0x0000000008704000 JavaThread "Service Thread" daemon [_thread_blocked, id=3292, stack(0x0000000009e80000,0x0000000009f80000)]
  0x00000000086fe000 JavaThread "C2 CompilerThread1" daemon [_thread_blocked, id=4048, stack(0x0000000009d80000,0x0000000009e80000)]
=>0x00000000086f4000 JavaThread "C2 CompilerThread0" daemon [_thread_in_native, id=5920, stack(0x0000000009c80000,0x0000000009d80000)]
  0x00000000086f3000 JavaThread "Attach Listener" daemon [_thread_blocked, id=7052, stack(0x0000000009b80000,0x0000000009c80000)]
  0x00000000086ef800 JavaThread "Signal Dispatcher" daemon [_thread_blocked, id=5908, stack(0x0000000009a80000,0x0000000009b80000)]
  0x00000000086bf000 JavaThread "Finalizer" daemon [_thread_blocked, id=5836, stack(0x0000000009980000,0x0000000009a80000)]
  0x00000000086b6000 JavaThread "Reference Handler" daemon [_thread_blocked, id=6992, stack(0x0000000009880000,0x0000000009980000)]
  0x0000000002820800 JavaThread "main" [_thread_in_Java, id=6800, stack(0x0000000002630000,0x0000000002730000)]

Other Threads:
  0x00000000086b1000 VMThread [stack: 0x0000000009780000,0x0000000009880000] [id=3764]
  0x0000000008712800 WatcherThread [stack: 0x0000000009f80000,0x000000000a080000] [id=204]

VM state:not at safepoint (normal execution)

VM Mutex/Monitor currently owned by a thread: None

Heap
 PSYoungGen      total 78848K, used 15602K [0x00000000eaa80000, 0x00000000f4480000, 0x0000000100000000)
  eden space 64512K, 2% used [0x00000000eaa80000,0x00000000eabc3d38,0x00000000ee980000)
  from space 14336K, 99% used [0x00000000f3680000,0x00000000f4478c08,0x00000000f4480000)
  to   space 8704K, 0% used [0x00000000ee980000,0x00000000ee980000,0x00000000ef200000)
 ParOldGen       total 41984K, used 27758K [0x00000000c0000000, 0x00000000c2900000, 0x00000000eaa80000)
  object space 41984K, 66% used [0x00000000c0000000,0x00000000c1b1bb70,0x00000000c2900000)
 PSPermGen       total 21504K, used 5733K [0x00000000bae00000, 0x00000000bc300000, 0x00000000c0000000)
  object space 21504K, 26% used [0x00000000bae00000,0x00000000bb399660,0x00000000bc300000)

Card table byte_map: [0x0000000005920000,0x0000000005b50000] byte_map_base: 0x0000000005349000

Polling page: 0x0000000000750000

Code Cache  [0x0000000002920000, 0x0000000002b90000, 0x0000000005920000)
 total_blobs=800 nmethods=566 adapters=186 free_code_cache=46950Kb largest_free_block=47985920

Compilation events (10 events):
Event: 10.658 Thread 0x00000000086fe000  578             com.android.dx.ssa.SsaMethod$2::visitPhiInsn (6 bytes)
Event: 10.658 Thread 0x00000000086fe000 nmethod 578 0x00000000029efc90 code [0x00000000029efde0, 0x00000000029efe48]
Event: 10.663 Thread 0x00000000086f4000 nmethod 577 0x0000000002a67d50 code [0x0000000002a67ee0, 0x0000000002a683a8]
Event: 10.759 Thread 0x00000000086fe000  579   !         com.android.dx.cf.direct.StdAttributeFactory::parseLocalVariables (274 bytes)
Event: 10.760 Thread 0x00000000086f4000  580             com.android.dx.dex.file.Section::throwIfPrepared (18 bytes)
Event: 10.760 Thread 0x00000000086f4000 nmethod 580 0x0000000002a69750 code [0x0000000002a69880, 0x0000000002a698d8]
Event: 10.809 Thread 0x00000000086fe000 nmethod 579 0x0000000002a4bc50 code [0x0000000002a4be60, 0x0000000002a4d288]
Event: 10.887 Thread 0x00000000086f4000  581   !         com.android.dx.cf.code.RopperMachine::run (1550 bytes)
Event: 10.949 Thread 0x00000000086fe000  582             com.android.dx.ssa.MoveParamCombiner$1::visitPhiInsn (1 bytes)
Event: 10.949 Thread 0x00000000086fe000 nmethod 582 0x00000000029efa90 code [0x00000000029efbc0, 0x00000000029efc18]

GC Heap History (10 events):
Event: 6.236 GC heap before
{Heap before GC invocations=4 (full 0):
 PSYoungGen      total 18944K, used 18917K [0x00000000eaa80000, 0x00000000ecf80000, 0x0000000100000000)
  eden space 16384K, 100% used [0x00000000eaa80000,0x00000000eba80000,0x00000000eba80000)
  from space 2560K, 98% used [0x00000000eba80000,0x00000000ebcf9450,0x00000000ebd00000)
  to   space 2560K, 0% used [0x00000000ecd00000,0x00000000ecd00000,0x00000000ecf80000)
 ParOldGen       total 41984K, used 6790K [0x00000000c0000000, 0x00000000c2900000, 0x00000000eaa80000)
  object space 41984K, 16% used [0x00000000c0000000,0x00000000c06a1bd8,0x00000000c2900000)
 PSPermGen       total 21504K, used 5629K [0x00000000bae00000, 0x00000000bc300000, 0x00000000c0000000)
  object space 21504K, 26% used [0x00000000bae00000,0x00000000bb37f580,0x00000000bc300000)
Event: 6.299 GC heap after
Heap after GC invocations=4 (full 0):
 PSYoungGen      total 35328K, used 2543K [0x00000000eaa80000, 0x00000000ecf80000, 0x0000000100000000)
  eden space 32768K, 0% used [0x00000000eaa80000,0x00000000eaa80000,0x00000000eca80000)
  from space 2560K, 99% used [0x00000000ecd00000,0x00000000ecf7bc40,0x00000000ecf80000)
  to   space 2560K, 0% used [0x00000000eca80000,0x00000000eca80000,0x00000000ecd00000)
 ParOldGen       total 41984K, used 9559K [0x00000000c0000000, 0x00000000c2900000, 0x00000000eaa80000)
  object space 41984K, 22% used [0x00000000c0000000,0x00000000c0955f88,0x00000000c2900000)
 PSPermGen       total 21504K, used 5629K [0x00000000bae00000, 0x00000000bc300000, 0x00000000c0000000)
  object space 21504K, 26% used [0x00000000bae00000,0x00000000bb37f580,0x00000000bc300000)
}
Event: 7.036 GC heap before
{Heap before GC invocations=5 (full 0):
 PSYoungGen      total 35328K, used 35311K [0x00000000eaa80000, 0x00000000ecf80000, 0x0000000100000000)
  eden space 32768K, 100% used [0x00000000eaa80000,0x00000000eca80000,0x00000000eca80000)
  from space 2560K, 99% used [0x00000000ecd00000,0x00000000ecf7bc40,0x00000000ecf80000)
  to   space 2560K, 0% used [0x00000000eca80000,0x00000000eca80000,0x00000000ecd00000)
 ParOldGen       total 41984K, used 9559K [0x00000000c0000000, 0x00000000c2900000, 0x00000000eaa80000)
  object space 41984K, 22% used [0x00000000c0000000,0x00000000c0955f88,0x00000000c2900000)
 PSPermGen       total 21504K, used 5663K [0x00000000bae00000, 0x00000000bc300000, 0x00000000c0000000)
  object space 21504K, 26% used [0x00000000bae00000,0x00000000bb387dc8,0x00000000bc300000)
Event: 7.113 GC heap after
Heap after GC invocations=5 (full 0):
 PSYoungGen      total 35328K, used 2544K [0x00000000eaa80000, 0x00000000ef980000, 0x0000000100000000)
  eden space 32768K, 0% used [0x00000000eaa80000,0x00000000eaa80000,0x00000000eca80000)
  from space 2560K, 99% used [0x00000000eca80000,0x00000000eccfc090,0x00000000ecd00000)
  to   space 7680K, 0% used [0x00000000ef200000,0x00000000ef200000,0x00000000ef980000)
 ParOldGen       total 41984K, used 14640K [0x00000000c0000000, 0x00000000c2900000, 0x00000000eaa80000)
  object space 41984K, 34% used [0x00000000c0000000,0x00000000c0e4c0f0,0x00000000c2900000)
 PSPermGen       total 21504K, used 5663K [0x00000000bae00000, 0x00000000bc300000, 0x00000000c0000000)
  object space 21504K, 26% used [0x00000000bae00000,0x00000000bb387dc8,0x00000000bc300000)
}
Event: 7.871 GC heap before
{Heap before GC invocations=6 (full 0):
 PSYoungGen      total 35328K, used 35312K [0x00000000eaa80000, 0x00000000ef980000, 0x0000000100000000)
  eden space 32768K, 100% used [0x00000000eaa80000,0x00000000eca80000,0x00000000eca80000)
  from space 2560K, 99% used [0x00000000eca80000,0x00000000eccfc090,0x00000000ecd00000)
  to   space 7680K, 0% used [0x00000000ef200000,0x00000000ef200000,0x00000000ef980000)
 ParOldGen       total 41984K, used 14640K [0x00000000c0000000, 0x00000000c2900000, 0x00000000eaa80000)
  object space 41984K, 34% used [0x00000000c0000000,0x00000000c0e4c0f0,0x00000000c2900000)
 PSPermGen       total 21504K, used 5673K [0x00000000bae00000, 0x00000000bc300000, 0x00000000c0000000)
  object space 21504K, 26% used [0x00000000bae00000,0x00000000bb38a520,0x00000000bc300000)
Event: 7.998 GC heap after
Heap after GC invocations=6 (full 0):
 PSYoungGen      total 72192K, used 7665K [0x00000000eaa80000, 0x00000000efb80000, 0x0000000100000000)
  eden space 64512K, 0% used [0x00000000eaa80000,0x00000000eaa80000,0x00000000ee980000)
  from space 7680K, 99% used [0x00000000ef200000,0x00000000ef97c458,0x00000000ef980000)
  to   space 8704K, 0% used [0x00000000ee980000,0x00000000ee980000,0x00000000ef200000)
 ParOldGen       total 41984K, used 14820K [0x00000000c0000000, 0x00000000c2900000, 0x00000000eaa80000)
  object space 41984K, 35% used [0x00000000c0000000,0x00000000c0e792f8,0x00000000c2900000)
 PSPermGen       total 21504K, used 5673K [0x00000000bae00000, 0x00000000bc300000, 0x00000000c0000000)
  object space 21504K, 26% used [0x00000000bae00000,0x00000000bb38a520,0x00000000bc300000)
}
Event: 9.376 GC heap before
{Heap before GC invocations=7 (full 0):
 PSYoungGen      total 72192K, used 72177K [0x00000000eaa80000, 0x00000000efb80000, 0x0000000100000000)
  eden space 64512K, 100% used [0x00000000eaa80000,0x00000000ee980000,0x00000000ee980000)
  from space 7680K, 99% used [0x00000000ef200000,0x00000000ef97c458,0x00000000ef980000)
  to   space 8704K, 0% used [0x00000000ee980000,0x00000000ee980000,0x00000000ef200000)
 ParOldGen       total 41984K, used 14820K [0x00000000c0000000, 0x00000000c2900000, 0x00000000eaa80000)
  object space 41984K, 35% used [0x00000000c0000000,0x00000000c0e792f8,0x00000000c2900000)
 PSPermGen       total 21504K, used 5711K [0x00000000bae00000, 0x00000000bc300000, 0x00000000c0000000)
  object space 21504K, 26% used [0x00000000bae00000,0x00000000bb393fa8,0x00000000bc300000)
Event: 9.465 GC heap after
Heap after GC invocations=7 (full 0):
 PSYoungGen      total 73216K, used 8685K [0x00000000eaa80000, 0x00000000f4480000, 0x0000000100000000)
  eden space 64512K, 0% used [0x00000000eaa80000,0x00000000eaa80000,0x00000000ee980000)
  from space 8704K, 99% used [0x00000000ee980000,0x00000000ef1fb4e8,0x00000000ef200000)
  to   space 14336K, 0% used [0x00000000f3680000,0x00000000f3680000,0x00000000f4480000)
 ParOldGen       total 41984K, used 23686K [0x00000000c0000000, 0x00000000c2900000, 0x00000000eaa80000)
  object space 41984K, 56% used [0x00000000c0000000,0x00000000c1721ad8,0x00000000c2900000)
 PSPermGen       total 21504K, used 5711K [0x00000000bae00000, 0x00000000bc300000, 0x00000000c0000000)
  object space 21504K, 26% used [0x00000000bae00000,0x00000000bb393fa8,0x00000000bc300000)
}
Event: 10.999 GC heap before
{Heap before GC invocations=8 (full 0):
 PSYoungGen      total 73216K, used 73197K [0x00000000eaa80000, 0x00000000f4480000, 0x0000000100000000)
  eden space 64512K, 100% used [0x00000000eaa80000,0x00000000ee980000,0x00000000ee980000)
  from space 8704K, 99% used [0x00000000ee980000,0x00000000ef1fb4e8,0x00000000ef200000)
  to   space 14336K, 0% used [0x00000000f3680000,0x00000000f3680000,0x00000000f4480000)
 ParOldGen       total 41984K, used 23686K [0x00000000c0000000, 0x00000000c2900000, 0x00000000eaa80000)
  object space 41984K, 56% used [0x00000000c0000000,0x00000000c1721ad8,0x00000000c2900000)
 PSPermGen       total 21504K, used 5731K [0x00000000bae00000, 0x00000000bc300000, 0x00000000c0000000)
  object space 21504K, 26% used [0x00000000bae00000,0x00000000bb398de0,0x00000000bc300000)
Event: 11.113 GC heap after
Heap after GC invocations=8 (full 0):
 PSYoungGen      total 78848K, used 14307K [0x00000000eaa80000, 0x00000000f4480000, 0x0000000100000000)
  eden space 64512K, 0% used [0x00000000eaa80000,0x00000000eaa80000,0x00000000ee980000)
  from space 14336K, 99% used [0x00000000f3680000,0x00000000f4478c08,0x00000000f4480000)
  to   space 8704K, 0% used [0x00000000ee980000,0x00000000ee980000,0x00000000ef200000)
 ParOldGen       total 41984K, used 27758K [0x00000000c0000000, 0x00000000c2900000, 0x00000000eaa80000)
  object space 41984K, 66% used [0x00000000c0000000,0x00000000c1b1bb70,0x00000000c2900000)
 PSPermGen       total 21504K, used 5731K [0x00000000bae00000, 0x00000000bc300000, 0x00000000c0000000)
  object space 21504K, 26% used [0x00000000bae00000,0x00000000bb398de0,0x00000000bc300000)
}

Deoptimization events (10 events):
Event: 8.017 Thread 0x0000000002820800 Uncommon trap: reason=unloaded action=reinterpret pc=0x0000000002ad7604 method=com.android.dx.cf.code.Ropper.addReturnBlock()V @ 45
Event: 8.017 Thread 0x0000000002820800 Uncommon trap: reason=unreached action=reinterpret pc=0x0000000002a44f6c method=com.android.dx.ssa.MoveParamCombiner$1.visitNonMoveInsn(Lcom/android/dx/ssa/NormalSsaInsn;)V @ 27
Event: 8.232 Thread 0x0000000002820800 Uncommon trap: reason=bimorphic action=maybe_recompile pc=0x0000000002a64e58 method=com.android.dx.ssa.LiteralOpUpgrader.tryReplacingWithConstant(Lcom/android/dx/ssa/NormalSsaInsn;)Z @ 62
Event: 8.562 Thread 0x0000000002820800 Uncommon trap: reason=class_check action=maybe_recompile pc=0x0000000002aa151c method=com.android.dx.ssa.SCCP.replaceConstants()V @ 182
Event: 8.571 Thread 0x0000000002820800 Uncommon trap: reason=class_check action=maybe_recompile pc=0x0000000002aa151c method=com.android.dx.ssa.SCCP.replaceConstants()V @ 182
Event: 8.708 Thread 0x0000000002820800 Uncommon trap: reason=class_check action=maybe_recompile pc=0x0000000002ac2a08 method=com.android.dx.cf.code.RopperMachine.run(Lcom/android/dx/cf/code/Frame;II)V @ 310
Event: 9.743 Thread 0x0000000002820800 Uncommon trap: reason=class_check action=maybe_recompile pc=0x0000000002b19ee8 method=com.android.dx.ssa.back.FirstFitLocalCombiningAllocator.findNextUnreservedRopReg(IILcom/android/dx/ssa/back/FirstFitLocalCombiningAllocator$Alignment;)I @ 60
Event: 9.745 Thread 0x0000000002820800 Uncommon trap: reason=class_check action=maybe_recompile pc=0x0000000002b19ee8 method=com.android.dx.ssa.back.FirstFitLocalCombiningAllocator.findNextUnreservedRopReg(IILcom/android/dx/ssa/back/FirstFitLocalCombiningAllocator$Alignment;)I @ 60
Event: 10.364 Thread 0x0000000002820800 Uncommon trap: reason=class_check action=maybe_recompile pc=0x0000000002ac2a08 method=com.android.dx.cf.code.RopperMachine.run(Lcom/android/dx/cf/code/Frame;II)V @ 310
Event: 10.566 Thread 0x0000000002820800 Uncommon trap: reason=class_check action=maybe_recompile pc=0x0000000002ac2a08 method=com.android.dx.cf.code.RopperMachine.run(Lcom/android/dx/cf/code/Frame;II)V @ 310

Internal exceptions (10 events):
Event: 1.897 Thread 0x0000000002820800 Threw 0x00000000eacf1ca0 at C:\re\jdk7u75\1940\hotspot\src\share\vm\prims\jvm.cpp:1281
Event: 2.125 Thread 0x0000000002820800 Implicit null exception at 0x00000000029d6efe to 0x00000000029d8001
Event: 2.978 Thread 0x0000000002820800 Implicit null exception at 0x0000000002a1fa73 to 0x0000000002a20151
Event: 3.030 Thread 0x0000000002820800 Implicit null exception at 0x0000000002a0a25b to 0x0000000002a0b231
Event: 3.244 Thread 0x0000000002820800 Threw 0x00000000eaab46a8 at C:\re\jdk7u75\1940\hotspot\src\share\vm\prims\jvm.cpp:1281
Event: 3.605 Thread 0x0000000002820800 Threw 0x00000000eaf6b038 at C:\re\jdk7u75\1940\hotspot\src\share\vm\prims\jvm.cpp:1281
Event: 5.339 Thread 0x0000000002820800 Threw 0x00000000eace7138 at C:\re\jdk7u75\1940\hotspot\src\share\vm\prims\jvm.cpp:1281
Event: 6.491 Thread 0x0000000002820800 Implicit null exception at 0x0000000002ad3e90 to 0x0000000002ad4b21
Event: 6.878 Thread 0x0000000002820800 Threw 0x00000000ec4bdd88 at C:\re\jdk7u75\1940\hotspot\src\share\vm\prims\jvm.cpp:1281
Event: 8.714 Thread 0x0000000002820800 Threw 0x00000000ecf27300 at C:\re\jdk7u75\1940\hotspot\src\share\vm\prims\jvm.cpp:1281

Events (10 events):
Event: 11.114 Executing VM operation: RevokeBias
Event: 11.114 Executing VM operation: RevokeBias done
Event: 11.114 Executing VM operation: RevokeBias
Event: 11.114 Executing VM operation: RevokeBias done
Event: 11.114 Executing VM operation: RevokeBias
Event: 11.114 Executing VM operation: RevokeBias done
Event: 11.115 Executing VM operation: RevokeBias
Event: 11.115 Executing VM operation: RevokeBias done
Event: 11.115 Executing VM operation: BulkRevokeBias
Event: 11.115 Executing VM operation: BulkRevokeBias done


Dynamic libraries:
0x00007ff7231a0000 - 0x00007ff7231d3000 	C:\Program Files\Java\jdk1.7.0_75\bin\java.exe
0x00007ffa1c740000 - 0x00007ffa1c8ec000 	C:\Windows\SYSTEM32\ntdll.dll
0x00007ffa1ad00000 - 0x00007ffa1ae3a000 	C:\Windows\system32\KERNEL32.DLL
0x00007ffa19d30000 - 0x00007ffa19e3f000 	C:\Windows\system32\KERNELBASE.dll
0x00007ffa18540000 - 0x00007ffa185c8000 	C:\Windows\system32\apphelp.dll
0x00007ffa075f0000 - 0x00007ffa0763f000 	C:\Windows\AppPatch\AppPatch64\AcGenral.DLL
0x00007ffa1a030000 - 0x00007ffa1a0d7000 	C:\Windows\system32\msvcrt.dll
0x00007ffa19710000 - 0x00007ffa1973b000 	C:\Windows\SYSTEM32\SspiCli.dll
0x00007ffa1a5b0000 - 0x00007ffa1a601000 	C:\Windows\system32\SHLWAPI.dll
0x00007ffa1a760000 - 0x00007ffa1a8d1000 	C:\Windows\system32\USER32.dll
0x00007ffa1aab0000 - 0x00007ffa1ac28000 	C:\Windows\system32\ole32.dll
0x00007ffa1af10000 - 0x00007ffa1c428000 	C:\Windows\system32\SHELL32.dll
0x00007ffa19080000 - 0x00007ffa1909e000 	C:\Windows\SYSTEM32\USERENV.dll
0x00007ffa1a500000 - 0x00007ffa1a5a5000 	C:\Windows\system32\ADVAPI32.dll
0x00007ffa06f10000 - 0x00007ffa06f2b000 	C:\Windows\SYSTEM32\MPR.dll
0x00007ffa19e90000 - 0x00007ffa19fc7000 	C:\Windows\system32\RPCRT4.dll
0x00007ffa1a2c0000 - 0x00007ffa1a317000 	C:\Windows\SYSTEM32\sechost.dll
0x00007ffa1a0e0000 - 0x00007ffa1a2b6000 	C:\Windows\SYSTEM32\combase.dll
0x00007ffa1a610000 - 0x00007ffa1a754000 	C:\Windows\system32\GDI32.dll
0x00007ffa19980000 - 0x00007ffa19994000 	C:\Windows\SYSTEM32\profapi.dll
0x00007ffa17ef0000 - 0x00007ffa17fa2000 	C:\Windows\SYSTEM32\SHCORE.dll
0x00007ffa1a900000 - 0x00007ffa1a934000 	C:\Windows\system32\IMM32.DLL
0x00007ffa1c5d0000 - 0x00007ffa1c721000 	C:\Windows\system32\MSCTF.dll
0x00007ffa19930000 - 0x00007ffa19962000 	C:\Windows\system32\nvinitx.dll
0x00007ffa19920000 - 0x00007ffa1992a000 	C:\Windows\SYSTEM32\VERSION.dll
0x000000000f000000 - 0x000000000f006000 	C:\Program Files\NVIDIA Corporation\CoProcManager\_etoured.dll
0x00007ffa179d0000 - 0x00007ffa17a02000 	C:\Program Files\NVIDIA Corporation\CoProcManager\nvd3d9wrapx.dll
0x00007ffa1a320000 - 0x00007ffa1a4f4000 	C:\Windows\system32\SETUPAPI.dll
0x00007ffa19e40000 - 0x00007ffa19e8a000 	C:\Windows\system32\CFGMGR32.dll
0x00007ffa17960000 - 0x00007ffa17982000 	C:\Program Files\NVIDIA Corporation\CoProcManager\nvdxgiwrapx.dll
0x00007ffa17ac0000 - 0x00007ffa17d1a000 	C:\Windows\WinSxS\amd64_microsoft.windows.common-controls_6595b64144ccf1df_6.0.9600.17031_none_6242a4b3ecbb55a1\COMCTL32.dll
0x0000000062350000 - 0x0000000062422000 	C:\Program Files\Java\jdk1.7.0_75\jre\bin\msvcr100.dll
0x00000000624a0000 - 0x0000000062c74000 	C:\Program Files\Java\jdk1.7.0_75\jre\bin\server\jvm.dll
0x00007ffa152c0000 - 0x00007ffa152c9000 	C:\Windows\SYSTEM32\WSOCK32.dll
0x00007ffa174a0000 - 0x00007ffa174bf000 	C:\Windows\SYSTEM32\WINMM.dll
0x00007ffa1ac30000 - 0x00007ffa1ac37000 	C:\Windows\system32\PSAPI.DLL
0x00007ffa1a9b0000 - 0x00007ffa1aa08000 	C:\Windows\system32\WS2_32.dll
0x00007ffa17280000 - 0x00007ffa172aa000 	C:\Windows\SYSTEM32\WINMMBASE.dll
0x00007ffa1c730000 - 0x00007ffa1c739000 	C:\Windows\system32\NSI.dll
0x00007ffa18790000 - 0x00007ffa187b6000 	C:\Windows\SYSTEM32\DEVOBJ.dll
0x0000000063150000 - 0x000000006315f000 	C:\Program Files\Java\jdk1.7.0_75\jre\bin\verify.dll
0x0000000063120000 - 0x0000000063148000 	C:\Program Files\Java\jdk1.7.0_75\jre\bin\java.dll
0x0000000063100000 - 0x0000000063115000 	C:\Program Files\Java\jdk1.7.0_75\jre\bin\zip.dll
0x00000000630e0000 - 0x00000000630f9000 	C:\Program Files\Java\jdk1.7.0_75\jre\bin\net.dll
0x00007ffa19170000 - 0x00007ffa191c8000 	C:\Windows\system32\mswsock.dll
0x00000000630c0000 - 0x00000000630d1000 	C:\Program Files\Java\jdk1.7.0_75\jre\bin\nio.dll

VM Arguments:
jvm_args: -Xmx1024M -Dfile.encoding=windows-1251 -Duser.country=UA -Duser.language=uk -Duser.variant 
java_command: com.android.dx.command.Main --dex --output C:\Program Files (x86)\Android\workspace\PronounceIt\app\build\intermediates\pre-dexed\debug\classes-6dd6d48d7fbb58ad5ce9739de9d8e35bae734fd3.jar C:\Program Files (x86)\Android\workspace\PronounceIt\app\build\intermediates\exploded-aar\com.android.support\appcompat-v7\22.0.0\classes.jar
Launcher Type: SUN_STANDARD

Environment Variables:
JAVA_HOME=C:\Program Files\Java\jdk1.7.0_75
PATH=C:\ProgramData\Oracle\Java\javapath;C:\Program Files (x86)\NVIDIA Corporation\PhysX\Common;C:\Windows\system32;C:\Windows;C:\Windows\System32\Wbem;C:\Windows\System32\WindowsPowerShell\v1.0\;e:\Program Files (x86)\Git\cmd\;C:\adb;C:\Program Files\Java\jdk1.7.0_75\bin\; ;C:\Program Files (x86)\Skype\Phone\
USERNAME=Eren
OS=Windows_NT
PROCESSOR_IDENTIFIER=Intel64 Family 6 Model 42 Stepping 7, GenuineIntel



---------------  S Y S T E M  ---------------

OS: Windows 8.1 , 64 bit Build 9600 

CPU:total 4 (2 cores per cpu, 2 threads per core) family 6 model 42 stepping 7, cmov, cx8, fxsr, mmx, sse, sse2, sse3, ssse3, sse4.1, sse4.2, popcnt, avx, aes, ht, tsc, tscinvbit

Memory: 4k page, physical 4042604k(130204k free), swap 6139756k(5388k free)

vm_info: Java HotSpot(TM) 64-Bit Server VM (24.75-b04) for windows-amd64 JRE (1.7.0_75-b13), built on Dec 18 2014 17:15:01 by "java_re" with unknown MS VC++:1600

time: Sun Apr 05 17:39:43 2015
elapsed time: 11 seconds

