#
# There is insufficient memory for the Java Runtime Environment to continue.
# Native memory allocation (malloc) failed to allocate 938576 bytes for Chunk::new
# Possible reasons:
#   The system is out of physical RAM or swap space
#   In 32 bit mode, the process size limit was hit
# Possible solutions:
#   Reduce memory load on the system
#   Increase physical memory or swap space
#   Check if swap backing store is full
#   Use 64 bit Java on a 64 bit OS
#   Decrease Java heap size (-Xmx/-Xms)
#   Decrease number of Java threads
#   Decrease Java thread stack sizes (-Xss)
#   Set larger code cache with -XX:ReservedCodeCacheSize=
# This output file may be truncated or incomplete.
#
#  Out of Memory Error (allocation.cpp:323), pid=7036, tid=5692
#
# JRE version: Java(TM) SE Runtime Environment (7.0_75-b13) (build 1.7.0_75-b13)
# Java VM: Java HotSpot(TM) 64-Bit Server VM (24.75-b04 mixed mode windows-amd64 compressed oops)
# Failed to write core dump. Minidumps are not enabled by default on client versions of Windows
#

---------------  T H R E A D  ---------------

Current thread (0x0000000008c84000):  JavaThread "C2 CompilerThread0" daemon [_thread_in_native, id=5692, stack(0x000000000a200000,0x000000000a300000)]

Stack: [0x000000000a200000,0x000000000a300000]
[error occurred during error reporting (printing stack bounds), id 0xc0000005]


Current CompileTask:
C2:   3597  285             com.android.dx.ssa.DeadCodeRemover::run (194 bytes)


---------------  P R O C E S S  ---------------

Java Threads: ( => current thread )
  0x0000000008c94000 JavaThread "Service Thread" daemon [_thread_blocked, id=5252, stack(0x000000000a400000,0x000000000a500000)]
  0x0000000008c8e000 JavaThread "C2 CompilerThread1" daemon [_thread_in_native, id=5588, stack(0x000000000a300000,0x000000000a400000)]
=>0x0000000008c84000 JavaThread "C2 CompilerThread0" daemon [_thread_in_native, id=5692, stack(0x000000000a200000,0x000000000a300000)]
  0x0000000008c83000 JavaThread "Attach Listener" daemon [_thread_blocked, id=6444, stack(0x000000000a100000,0x000000000a200000)]
  0x0000000008c80000 JavaThread "Signal Dispatcher" daemon [_thread_blocked, id=4348, stack(0x000000000a000000,0x000000000a100000)]
  0x0000000008c4f000 JavaThread "Finalizer" daemon [_thread_blocked, id=6688, stack(0x0000000009f00000,0x000000000a000000)]
  0x0000000008c46000 JavaThread "Reference Handler" daemon [_thread_blocked, id=6808, stack(0x0000000009e00000,0x0000000009f00000)]
  0x0000000002ca0800 JavaThread "main" [_thread_in_Java, id=2204, stack(0x0000000002b70000,0x0000000002c70000)]

Other Threads:
  0x0000000008c41000 VMThread [stack: 0x0000000009d00000,0x0000000009e00000] [id=6548]
  0x0000000008ca2800 WatcherThread [stack: 0x000000000a500000,0x000000000a600000] [id=376]

VM state:not at safepoint (normal execution)

VM Mutex/Monitor currently owned by a thread: None

Heap
 PSYoungGen      total 18944K, used 10327K [0x00000000eaa80000, 0x00000000ebf80000, 0x0000000100000000)
  eden space 16384K, 47% used [0x00000000eaa80000,0x00000000eb217578,0x00000000eba80000)
  from space 2560K, 99% used [0x00000000ebd00000,0x00000000ebf7e8e0,0x00000000ebf80000)
  to   space 2560K, 0% used [0x00000000eba80000,0x00000000eba80000,0x00000000ebd00000)
 ParOldGen       total 41984K, used 4208K [0x00000000c0000000, 0x00000000c2900000, 0x00000000eaa80000)
  object space 41984K, 10% used [0x00000000c0000000,0x00000000c041c048,0x00000000c2900000)
 PSPermGen       total 21504K, used 5560K [0x00000000bae00000, 0x00000000bc300000, 0x00000000c0000000)
  object space 21504K, 25% used [0x00000000bae00000,0x00000000bb36e240,0x00000000bc300000)

Card table byte_map: [0x0000000005eb0000,0x00000000060e0000] byte_map_base: 0x00000000058d9000

Polling page: 0x0000000000dd0000

Code Cache  [0x0000000002df0000, 0x0000000003060000, 0x0000000005df0000)
 total_blobs=517 nmethods=283 adapters=186 free_code_cache=48004Kb largest_free_block=49123968

Compilation events (10 events):
Event: 3.455 Thread 0x0000000008c84000 nmethod 280 0x0000000002f0a2d0 code [0x0000000002f0a440, 0x0000000002f0a678]
Event: 3.455 Thread 0x0000000008c84000  281             com.android.dx.rop.code.BasicBlockList::getInstructionCount (48 bytes)
Event: 3.459 Thread 0x0000000008c84000 nmethod 281 0x0000000002efc210 code [0x0000000002efc360, 0x0000000002efc538]
Event: 3.459 Thread 0x0000000008c84000  282             java.lang.AbstractStringBuilder::append (48 bytes)
Event: 3.465 Thread 0x0000000008c84000 nmethod 282 0x0000000002f0c110 code [0x0000000002f0c260, 0x0000000002f0c5f8]
Event: 3.465 Thread 0x0000000008c84000  283             com.android.dx.rop.code.RegisterSpecSet::localItemToSpec (49 bytes)
Event: 3.470 Thread 0x0000000008c84000 nmethod 283 0x0000000002f0b790 code [0x0000000002f0b8e0, 0x0000000002f0bc78]
Event: 3.470 Thread 0x0000000008c84000  284             com.android.dx.ssa.SCCP::simulatePhi (169 bytes)
Event: 3.529 Thread 0x0000000008c84000 nmethod 284 0x0000000002f14e90 code [0x0000000002f150a0, 0x0000000002f160e8]
Event: 3.530 Thread 0x0000000008c84000  285             com.android.dx.ssa.DeadCodeRemover::run (194 bytes)

GC Heap History (4 events):
Event: 1.779 GC heap before
{Heap before GC invocations=1 (full 0):
 PSYoungGen      total 18944K, used 16384K [0x00000000eaa80000, 0x00000000ebf80000, 0x0000000100000000)
  eden space 16384K, 100% used [0x00000000eaa80000,0x00000000eba80000,0x00000000eba80000)
  from space 2560K, 0% used [0x00000000ebd00000,0x00000000ebd00000,0x00000000ebf80000)
  to   space 2560K, 0% used [0x00000000eba80000,0x00000000eba80000,0x00000000ebd00000)
 ParOldGen       total 41984K, used 0K [0x00000000c0000000, 0x00000000c2900000, 0x00000000eaa80000)
  object space 41984K, 0% used [0x00000000c0000000,0x00000000c0000000,0x00000000c2900000)
 PSPermGen       total 21504K, used 5384K [0x00000000bae00000, 0x00000000bc300000, 0x00000000c0000000)
  object space 21504K, 25% used [0x00000000bae00000,0x00000000bb3420d8,0x00000000bc300000)
Event: 1.784 GC heap after
Heap after GC invocations=1 (full 0):
 PSYoungGen      total 18944K, used 2551K [0x00000000eaa80000, 0x00000000ebf80000, 0x0000000100000000)
  eden space 16384K, 0% used [0x00000000eaa80000,0x00000000eaa80000,0x00000000eba80000)
  from space 2560K, 99% used [0x00000000eba80000,0x00000000ebcfdc78,0x00000000ebd00000)
  to   space 2560K, 0% used [0x00000000ebd00000,0x00000000ebd00000,0x00000000ebf80000)
 ParOldGen       total 41984K, used 1455K [0x00000000c0000000, 0x00000000c2900000, 0x00000000eaa80000)
  object space 41984K, 3% used [0x00000000c0000000,0x00000000c016bef0,0x00000000c2900000)
 PSPermGen       total 21504K, used 5384K [0x00000000bae00000, 0x00000000bc300000, 0x00000000c0000000)
  object space 21504K, 25% used [0x00000000bae00000,0x00000000bb3420d8,0x00000000bc300000)
}
Event: 3.104 GC heap before
{Heap before GC invocations=2 (full 0):
 PSYoungGen      total 18944K, used 18935K [0x00000000eaa80000, 0x00000000ebf80000, 0x0000000100000000)
  eden space 16384K, 100% used [0x00000000eaa80000,0x00000000eba80000,0x00000000eba80000)
  from space 2560K, 99% used [0x00000000eba80000,0x00000000ebcfdc78,0x00000000ebd00000)
  to   space 2560K, 0% used [0x00000000ebd00000,0x00000000ebd00000,0x00000000ebf80000)
 ParOldGen       total 41984K, used 1455K [0x00000000c0000000, 0x00000000c2900000, 0x00000000eaa80000)
  object space 41984K, 3% used [0x00000000c0000000,0x00000000c016bef0,0x00000000c2900000)
 PSPermGen       total 21504K, used 5540K [0x00000000bae00000, 0x00000000bc300000, 0x00000000c0000000)
  object space 21504K, 25% used [0x00000000bae00000,0x00000000bb3691a0,0x00000000bc300000)
Event: 3.163 GC heap after
Heap after GC invocations=2 (full 0):
 PSYoungGen      total 18944K, used 2554K [0x00000000eaa80000, 0x00000000ebf80000, 0x0000000100000000)
  eden space 16384K, 0% used [0x00000000eaa80000,0x00000000eaa80000,0x00000000eba80000)
  from space 2560K, 99% used [0x00000000ebd00000,0x00000000ebf7e8e0,0x00000000ebf80000)
  to   space 2560K, 0% used [0x00000000eba80000,0x00000000eba80000,0x00000000ebd00000)
 ParOldGen       total 41984K, used 4208K [0x00000000c0000000, 0x00000000c2900000, 0x00000000eaa80000)
  object space 41984K, 10% used [0x00000000c0000000,0x00000000c041c048,0x00000000c2900000)
 PSPermGen       total 21504K, used 5540K [0x00000000bae00000, 0x00000000bc300000, 0x00000000c0000000)
  object space 21504K, 25% used [0x00000000bae00000,0x00000000bb3691a0,0x00000000bc300000)
}

Deoptimization events (10 events):
Event: 1.175 Thread 0x0000000002ca0800 Uncommon trap: reason=class_check action=maybe_recompile pc=0x0000000002e62234 method=com.android.dx.ssa.NormalSsaInsn.accept(Lcom/android/dx/ssa/SsaInsn$Visitor;)V @ 9
Event: 1.372 Thread 0x0000000002ca0800 Uncommon trap: reason=null_check action=make_not_entrant pc=0x0000000002e6d844 method=com.android.dx.rop.code.LocalItem.equals(Ljava/lang/Object;)Z @ 1
Event: 2.179 Thread 0x0000000002ca0800 Uncommon trap: reason=null_check action=make_not_entrant pc=0x0000000002e7fb90 method=com.android.dx.rop.type.Type.equals(Ljava/lang/Object;)Z @ 8
Event: 2.181 Thread 0x0000000002ca0800 Uncommon trap: reason=null_check action=make_not_entrant pc=0x0000000002ea27d8 method=com.android.dx.rop.code.RegisterSpec.equals(Ljava/lang/Object;)Z @ 1
Event: 2.252 Thread 0x0000000002ca0800 Uncommon trap: reason=null_check action=make_not_entrant pc=0x0000000002ea9c1c method=com.android.dx.ssa.SsaRenamer.getLocalForNewReg(I)Lcom/android/dx/rop/code/LocalItem; @ 19
Event: 3.167 Thread 0x0000000002ca0800 Uncommon trap: reason=unreached action=reinterpret pc=0x0000000002ecda98 method=com.android.dx.rop.code.LocalVariableExtractor.processBlock(I)V @ 195
Event: 3.204 Thread 0x0000000002ca0800 Uncommon trap: reason=unreached action=reinterpret pc=0x0000000002ed5acc method=com.android.dx.ssa.SsaRenamer$BlockRenamer.process()V @ 90
Event: 3.205 Thread 0x0000000002ca0800 Uncommon trap: reason=unreached action=reinterpret pc=0x0000000002eeeb48 method=com.android.dx.ssa.SCCP.simulateStmt(Lcom/android/dx/ssa/SsaInsn;)V @ 418
Event: 3.209 Thread 0x0000000002ca0800 Uncommon trap: reason=null_check action=make_not_entrant pc=0x0000000002f02cf8 method=com.android.dx.cf.code.Ropper$CatchInfo.getSetup(Lcom/android/dx/rop/type/Type;)Lcom/android/dx/cf/code/Ropper$ExceptionHandlerSetup; @ 10
Event: 3.304 Thread 0x0000000002ca0800 Uncommon trap: reason=unreached action=reinterpret pc=0x0000000002ec6d90 method=com.android.dx.ssa.LocalVariableExtractor.processBlock(I)V @ 251

Internal exceptions (10 events):
Event: 1.952 Thread 0x0000000002ca0800 Threw 0x00000000eacee080 at C:\re\jdk7u75\1940\hotspot\src\share\vm\prims\jvm.cpp:1281
Event: 1.952 Thread 0x0000000002ca0800 Threw 0x00000000eacf00c0 at C:\re\jdk7u75\1940\hotspot\src\share\vm\prims\jvm.cpp:1281
Event: 1.955 Thread 0x0000000002ca0800 Threw 0x00000000eacf9e98 at C:\re\jdk7u75\1940\hotspot\src\share\vm\prims\jvm.cpp:1281
Event: 1.955 Thread 0x0000000002ca0800 Threw 0x00000000eacfc158 at C:\re\jdk7u75\1940\hotspot\src\share\vm\prims\jvm.cpp:1281
Event: 2.062 Thread 0x0000000002ca0800 Threw 0x00000000eadfc100 at C:\re\jdk7u75\1940\hotspot\src\share\vm\prims\jvm.cpp:1281
Event: 2.064 Thread 0x0000000002ca0800 Threw 0x00000000eae05f50 at C:\re\jdk7u75\1940\hotspot\src\share\vm\prims\jvm.cpp:1281
Event: 2.179 Thread 0x0000000002ca0800 Implicit null exception at 0x0000000002e7fa92 to 0x0000000002e7fb82
Event: 2.181 Thread 0x0000000002ca0800 Implicit null exception at 0x0000000002ea190c to 0x0000000002ea27a9
Event: 2.252 Thread 0x0000000002ca0800 Implicit null exception at 0x0000000002ea8e31 to 0x0000000002ea9c01
Event: 3.209 Thread 0x0000000002ca0800 Implicit null exception at 0x0000000002f00ba9 to 0x0000000002f02ce1

Events (10 events):
Event: 3.204 Thread 0x0000000002ca0800 DEOPT UNPACKING pc=0x0000000002e275a4 sp=0x0000000002c6ecd0 mode 2
Event: 3.205 Thread 0x0000000002ca0800 Uncommon trap: trap_request=0xffffffad fr.pc=0x0000000002eeeb48
Event: 3.205 Thread 0x0000000002ca0800 DEOPT PACKING pc=0x0000000002eeeb48 sp=0x0000000002c6ed60
Event: 3.205 Thread 0x0000000002ca0800 DEOPT UNPACKING pc=0x0000000002e275a4 sp=0x0000000002c6ece0 mode 2
Event: 3.209 Thread 0x0000000002ca0800 Uncommon trap: trap_request=0xfffffff4 fr.pc=0x0000000002f02cf8
Event: 3.209 Thread 0x0000000002ca0800 DEOPT PACKING pc=0x0000000002f02cf8 sp=0x0000000002c6ee10
Event: 3.209 Thread 0x0000000002ca0800 DEOPT UNPACKING pc=0x0000000002e275a4 sp=0x0000000002c6ed58 mode 2
Event: 3.304 Thread 0x0000000002ca0800 Uncommon trap: trap_request=0xffffffad fr.pc=0x0000000002ec6d90
Event: 3.304 Thread 0x0000000002ca0800 DEOPT PACKING pc=0x0000000002ec6d90 sp=0x0000000002c6ed40
Event: 3.304 Thread 0x0000000002ca0800 DEOPT UNPACKING pc=0x0000000002e275a4 sp=0x0000000002c6ecb0 mode 2


Dynamic libraries:
0x00007ff7231a0000 - 0x00007ff7231d3000 	C:\Program Files\Java\jdk1.7.0_75\bin\java.exe
0x00007ffa1c740000 - 0x00007ffa1c8ec000 	C:\Windows\SYSTEM32\ntdll.dll
0x00007ffa1ad00000 - 0x00007ffa1ae3a000 	C:\Windows\system32\KERNEL32.DLL
0x00007ffa19d30000 - 0x00007ffa19e3f000 	C:\Windows\system32\KERNELBASE.dll
0x00007ffa18540000 - 0x00007ffa185c8000 	C:\Windows\system32\apphelp.dll
0x00007ffa0b7a0000 - 0x00007ffa0b7ef000 	C:\Windows\AppPatch\AppPatch64\AcGenral.DLL
0x00007ffa1a030000 - 0x00007ffa1a0d7000 	C:\Windows\system32\msvcrt.dll
0x00007ffa19710000 - 0x00007ffa1973b000 	C:\Windows\SYSTEM32\SspiCli.dll
0x00007ffa1a5b0000 - 0x00007ffa1a601000 	C:\Windows\system32\SHLWAPI.dll
0x00007ffa1a760000 - 0x00007ffa1a8d1000 	C:\Windows\system32\USER32.dll
0x00007ffa1aab0000 - 0x00007ffa1ac28000 	C:\Windows\system32\ole32.dll
0x00007ffa1af10000 - 0x00007ffa1c428000 	C:\Windows\system32\SHELL32.dll
0x00007ffa19080000 - 0x00007ffa1909e000 	C:\Windows\SYSTEM32\USERENV.dll
0x00007ffa1a500000 - 0x00007ffa1a5a5000 	C:\Windows\system32\ADVAPI32.dll
0x00007ffa06f10000 - 0x00007ffa06f2b000 	C:\Windows\SYSTEM32\MPR.dll
0x00007ffa19e90000 - 0x00007ffa19fc7000 	C:\Windows\system32\RPCRT4.dll
0x00007ffa1a2c0000 - 0x00007ffa1a317000 	C:\Windows\SYSTEM32\sechost.dll
0x00007ffa1a0e0000 - 0x00007ffa1a2b6000 	C:\Windows\SYSTEM32\combase.dll
0x00007ffa1a610000 - 0x00007ffa1a754000 	C:\Windows\system32\GDI32.dll
0x00007ffa19980000 - 0x00007ffa19994000 	C:\Windows\SYSTEM32\profapi.dll
0x00007ffa17ef0000 - 0x00007ffa17fa2000 	C:\Windows\SYSTEM32\SHCORE.dll
0x00007ffa1a900000 - 0x00007ffa1a934000 	C:\Windows\system32\IMM32.DLL
0x00007ffa1c5d0000 - 0x00007ffa1c721000 	C:\Windows\system32\MSCTF.dll
0x00007ffa19930000 - 0x00007ffa19962000 	C:\Windows\system32\nvinitx.dll
0x00007ffa19920000 - 0x00007ffa1992a000 	C:\Windows\SYSTEM32\VERSION.dll
0x000000000f000000 - 0x000000000f006000 	C:\Program Files\NVIDIA Corporation\CoProcManager\_etoured.dll
0x00007ffa179d0000 - 0x00007ffa17a02000 	C:\Program Files\NVIDIA Corporation\CoProcManager\nvd3d9wrapx.dll
0x00007ffa1a320000 - 0x00007ffa1a4f4000 	C:\Windows\system32\SETUPAPI.dll
0x00007ffa19e40000 - 0x00007ffa19e8a000 	C:\Windows\system32\CFGMGR32.dll
0x00007ffa17960000 - 0x00007ffa17982000 	C:\Program Files\NVIDIA Corporation\CoProcManager\nvdxgiwrapx.dll
0x00007ffa17ac0000 - 0x00007ffa17d1a000 	C:\Windows\WinSxS\amd64_microsoft.windows.common-controls_6595b64144ccf1df_6.0.9600.17031_none_6242a4b3ecbb55a1\COMCTL32.dll
0x0000000062350000 - 0x0000000062422000 	C:\Program Files\Java\jdk1.7.0_75\jre\bin\msvcr100.dll
0x00000000624a0000 - 0x0000000062c74000 	C:\Program Files\Java\jdk1.7.0_75\jre\bin\server\jvm.dll
0x00007ffa15290000 - 0x00007ffa15299000 	C:\Windows\SYSTEM32\WSOCK32.dll
0x00007ffa174a0000 - 0x00007ffa174bf000 	C:\Windows\SYSTEM32\WINMM.dll
0x00007ffa1ac30000 - 0x00007ffa1ac37000 	C:\Windows\system32\PSAPI.DLL
0x00007ffa1a9b0000 - 0x00007ffa1aa08000 	C:\Windows\system32\WS2_32.dll
0x00007ffa17280000 - 0x00007ffa172aa000 	C:\Windows\SYSTEM32\WINMMBASE.dll
0x00007ffa1c730000 - 0x00007ffa1c739000 	C:\Windows\system32\NSI.dll
0x00007ffa18790000 - 0x00007ffa187b6000 	C:\Windows\SYSTEM32\DEVOBJ.dll
0x0000000063150000 - 0x000000006315f000 	C:\Program Files\Java\jdk1.7.0_75\jre\bin\verify.dll
0x0000000063120000 - 0x0000000063148000 	C:\Program Files\Java\jdk1.7.0_75\jre\bin\java.dll
0x0000000063100000 - 0x0000000063115000 	C:\Program Files\Java\jdk1.7.0_75\jre\bin\zip.dll
0x00000000630e0000 - 0x00000000630f9000 	C:\Program Files\Java\jdk1.7.0_75\jre\bin\net.dll
0x00007ffa19170000 - 0x00007ffa191c8000 	C:\Windows\system32\mswsock.dll
0x00000000630c0000 - 0x00000000630d1000 	C:\Program Files\Java\jdk1.7.0_75\jre\bin\nio.dll

VM Arguments:
jvm_args: -Xmx1024M -Dfile.encoding=windows-1251 -Duser.country=UA -Duser.language=uk -Duser.variant 
java_command: com.android.dx.command.Main --dex --output C:\Program Files (x86)\Android\workspace\PronounceIt\app\build\intermediates\pre-dexed\debug\classes-ad6402054e552178a9982c747a0d30ef44f97ef7.jar C:\Program Files (x86)\Android\workspace\PronounceIt\app\build\intermediates\exploded-aar\com.crashlytics.sdk.android\crashlytics\2.2.3\classes.jar
Launcher Type: SUN_STANDARD

Environment Variables:
JAVA_HOME=C:\Program Files\Java\jdk1.7.0_75
PATH=C:\ProgramData\Oracle\Java\javapath;C:\Program Files (x86)\NVIDIA Corporation\PhysX\Common;C:\Windows\system32;C:\Windows;C:\Windows\System32\Wbem;C:\Windows\System32\WindowsPowerShell\v1.0\;e:\Program Files (x86)\Git\cmd\;C:\adb;C:\Program Files\Java\jdk1.7.0_75\bin\; ;C:\Program Files (x86)\Skype\Phone\
USERNAME=Eren
OS=Windows_NT
PROCESSOR_IDENTIFIER=Intel64 Family 6 Model 42 Stepping 7, GenuineIntel



---------------  S Y S T E M  ---------------

OS: Windows 8.1 , 64 bit Build 9600 

CPU:total 4 (2 cores per cpu, 2 threads per core) family 6 model 42 stepping 7, cmov, cx8, fxsr, mmx, sse, sse2, sse3, ssse3, sse4.1, sse4.2, popcnt, avx, aes, ht, tsc, tscinvbit

Memory: 4k page, physical 4042604k(142760k free), swap 6139756k(5884k free)

vm_info: Java HotSpot(TM) 64-Bit Server VM (24.75-b04) for windows-amd64 JRE (1.7.0_75-b13), built on Dec 18 2014 17:15:01 by "java_re" with unknown MS VC++:1600

time: Sun Apr 05 17:25:55 2015
elapsed time: 3 seconds

